Using pre-set license
Built from '2020.3/staging' branch; Version is '2020.3.25f1 (9b9180224418) revision 10195328'; Using compiler version '192528614'; Build Type 'Release'
OS: 'Windows 10  (10.0.19045) 64bit Professional' Language: 'es' Physical Memory: 16237 MB
BatchMode: 1, IsHumanControllingUs: 0, StartBugReporterOnCrash: 0, Is64bit: 1, IsPro: 0

COMMAND LINE ARGUMENTS:
C:\Program Files\Unity 2020.3.25f1\Editor\Unity.exe
-adb2
-batchMode
-noUpm
-name
AssetImportWorker0
-projectPath
C:/Users/usuario/OneDrive/Documentos/GitHub/Lola
-logFile
Logs/AssetImportWorker0.log
-srvPort
50471
Successfully changed project path to: C:/Users/usuario/OneDrive/Documentos/GitHub/Lola
C:/Users/usuario/OneDrive/Documentos/GitHub/Lola
Using Asset Import Pipeline V2.
Refreshing native plugins compatible for Editor in 36.83 ms, found 2 plugins.
Preloading 0 native plugins for Editor in 0.00 ms.
Initialize engine version: 2020.3.25f1 (9b9180224418)
[Subsystems] Discovering subsystems at path C:/Program Files/Unity 2020.3.25f1/Editor/Data/Resources/UnitySubsystems
[Subsystems] Discovering subsystems at path C:/Users/usuario/OneDrive/Documentos/GitHub/Lola/Assets
GfxDevice: creating device client; threaded=0
Direct3D:
    Version:  Direct3D 11.0 [level 11.1]
    Renderer: NVIDIA GeForce GTX 1660 Ti (ID=0x2182)
    Vendor:   
    VRAM:     5991 MB
    Driver:   31.0.15.1694
Initialize mono
Mono path[0] = 'C:/Program Files/Unity 2020.3.25f1/Editor/Data/Managed'
Mono path[1] = 'C:/Program Files/Unity 2020.3.25f1/Editor/Data/MonoBleedingEdge/lib/mono/unityjit'
Mono config path = 'C:/Program Files/Unity 2020.3.25f1/Editor/Data/MonoBleedingEdge/etc'
Using monoOptions --debugger-agent=transport=dt_socket,embedding=1,server=y,suspend=n,address=127.0.0.1:56004
Begin MonoManager ReloadAssembly
Registering precompiled unity dll's ...
Register platform support module: C:/Program Files/Unity 2020.3.25f1/Editor/Data/PlaybackEngines/WindowsStandaloneSupport/UnityEditor.WindowsStandalone.Extensions.dll
Registered in 0.001589 seconds.
Native extension for WindowsStandalone target not found
Refreshing native plugins compatible for Editor in 29.99 ms, found 2 plugins.
Preloading 0 native plugins for Editor in 0.00 ms.
Mono: successfully reloaded assembly
- Completed reload, in  0.458 seconds
Domain Reload Profiling:
	ReloadAssembly (458ms)
		BeginReloadAssembly (49ms)
			ExecutionOrderSort (0ms)
			DisableScriptedObjects (0ms)
			BackupInstance (0ms)
			ReleaseScriptingObjects (0ms)
			CreateAndSetChildDomain (1ms)
		EndReloadAssembly (350ms)
			LoadAssemblies (47ms)
			RebuildTransferFunctionScriptingTraits (0ms)
			SetupTypeCache (117ms)
			ReleaseScriptCaches (0ms)
			RebuildScriptCaches (24ms)
			SetupLoadedEditorAssemblies (130ms)
				LogAssemblyErrors (0ms)
				InitializePlatformSupportModulesInManaged (3ms)
				SetLoadedEditorAssemblies (0ms)
				RefreshPlugins (30ms)
				BeforeProcessingInitializeOnLoad (13ms)
				ProcessInitializeOnLoadAttributes (62ms)
				ProcessInitializeOnLoadMethodAttributes (22ms)
				AfterProcessingInitializeOnLoad (0ms)
				EditorAssembliesLoaded (0ms)
			ExecutionOrderSort2 (0ms)
			AwakeInstancesAfterBackupRestoration (0ms)
Platform modules already initialized, skipping
Registering precompiled user dll's ...
Registered in 0.003627 seconds.
Begin MonoManager ReloadAssembly
Native extension for WindowsStandalone target not found
Refreshing native plugins compatible for Editor in 0.34 ms, found 2 plugins.
Preloading 0 native plugins for Editor in 0.00 ms.
Mono: successfully reloaded assembly
- Completed reload, in  0.810 seconds
Domain Reload Profiling:
	ReloadAssembly (811ms)
		BeginReloadAssembly (111ms)
			ExecutionOrderSort (0ms)
			DisableScriptedObjects (4ms)
			BackupInstance (0ms)
			ReleaseScriptingObjects (0ms)
			CreateAndSetChildDomain (14ms)
		EndReloadAssembly (651ms)
			LoadAssemblies (68ms)
			RebuildTransferFunctionScriptingTraits (0ms)
			SetupTypeCache (224ms)
			ReleaseScriptCaches (0ms)
			RebuildScriptCaches (34ms)
			SetupLoadedEditorAssemblies (252ms)
				LogAssemblyErrors (0ms)
				InitializePlatformSupportModulesInManaged (4ms)
				SetLoadedEditorAssemblies (1ms)
				RefreshPlugins (0ms)
				BeforeProcessingInitializeOnLoad (69ms)
				ProcessInitializeOnLoadAttributes (166ms)
				ProcessInitializeOnLoadMethodAttributes (7ms)
				AfterProcessingInitializeOnLoad (6ms)
				EditorAssembliesLoaded (0ms)
			ExecutionOrderSort2 (0ms)
			AwakeInstancesAfterBackupRestoration (5ms)
Platform modules already initialized, skipping
========================================================================
Worker process is ready to serve import requests
Launched and connected shader compiler UnityShaderCompiler.exe after 0.03 seconds
Refreshing native plugins compatible for Editor in 0.32 ms, found 2 plugins.
Preloading 0 native plugins for Editor in 0.00 ms.
Unloading 1927 Unused Serialized files (Serialized files now loaded: 0)
System memory in use before: 87.7 MB.
System memory in use after: 87.7 MB.

Unloading 20 unused Assets to reduce memory usage. Loaded Objects now: 2360.
Total: 2.096200 ms (FindLiveObjects: 0.130300 ms CreateObjectMapping: 0.059800 ms MarkObjects: 1.835000 ms  DeleteObjects: 0.070400 ms)

AssetImportParameters requested are different than current active one (requested -> active):
  custom:framework-win-MediaFoundation: 216162199b28c13a410421893ffa2e32 -> 
  custom:video-decoder-ogg-theora: a1e56fd34408186e4bbccfd4996cb3dc -> 
  custom:container-muxer-webm: aa71ff27fc2769a1b78a27578f13a17b -> 
  custom:container-demuxer-webm: 4f35f7cbe854078d1ac9338744f61a02 -> 
  custom:container-demuxer-ogg: 62fdf1f143b41e24485cea50d1cbac27 -> 
  custom:video-encoder-webm-vp8: eb34c28f22e8b96e1ab97ce403110664 -> 
  custom:video-decoder-webm-vp8: 9c59270c3fd7afecdb556c50c9e8de78 -> 
  custom:audio-decoder-ogg-vorbis: bf7c407c2cedff20999df2af8eb42d56 -> 
  custom:audio-encoder-webm-vorbis: bf7c407c2cedff20999df2af8eb42d56 -> 
========================================================================
Received Import Request.
  path: Assets/sqaure.jpg
  artifactKey: Guid(fc1bc46a859726d43aef6631ff414c19) Importer(815301076,1909f56bfc062723c751e8b465ee728b)
Start importing Assets/sqaure.jpg using Guid(fc1bc46a859726d43aef6631ff414c19) Importer(815301076,1909f56bfc062723c751e8b465ee728b)  -> (artifact id: '72c2461253e408af45e5a82b60e6cde4') in 0.095949 seconds 
  Import took 0.098216 seconds .

========================================================================
Received Import Request.
  Time since last request: 23.800054 seconds.
  path: Assets/Scenes/Prueba 1.unity
  artifactKey: Guid(a1bcb22fcc7675243abaa77621073506) Importer(815301076,1909f56bfc062723c751e8b465ee728b)
Start importing Assets/Scenes/Prueba 1.unity using Guid(a1bcb22fcc7675243abaa77621073506) Importer(815301076,1909f56bfc062723c751e8b465ee728b)  -> (artifact id: '9d4608f0e24204e7d7da2944a52ef4d7') in 0.005020 seconds 
  Import took 0.007426 seconds .

========================================================================
Received Import Request.
  Time since last request: 1.926731 seconds.
  path: Assets/Scenes/Prueba.unity
  artifactKey: Guid(ebf687d3f74ddb14a9b384766170d7e9) Importer(815301076,1909f56bfc062723c751e8b465ee728b)
Start importing Assets/Scenes/Prueba.unity using Guid(ebf687d3f74ddb14a9b384766170d7e9) Importer(815301076,1909f56bfc062723c751e8b465ee728b)  -> (artifact id: 'af15f9685dfb8794caea5503ff645f2b') in 0.004840 seconds 
  Import took 0.007167 seconds .

========================================================================
Received Prepare
Registering precompiled user dll's ...
Registered in 0.003520 seconds.
Begin MonoManager ReloadAssembly
Native extension for WindowsStandalone target not found
Refreshing native plugins compatible for Editor in 0.34 ms, found 2 plugins.
Preloading 0 native plugins for Editor in 0.00 ms.
Mono: successfully reloaded assembly
- Completed reload, in  0.790 seconds
Domain Reload Profiling:
	ReloadAssembly (791ms)
		BeginReloadAssembly (91ms)
			ExecutionOrderSort (0ms)
			DisableScriptedObjects (3ms)
			BackupInstance (0ms)
			ReleaseScriptingObjects (0ms)
			CreateAndSetChildDomain (25ms)
		EndReloadAssembly (646ms)
			LoadAssemblies (73ms)
			RebuildTransferFunctionScriptingTraits (0ms)
			SetupTypeCache (232ms)
			ReleaseScriptCaches (1ms)
			RebuildScriptCaches (30ms)
			SetupLoadedEditorAssemblies (236ms)
				LogAssemblyErrors (0ms)
				InitializePlatformSupportModulesInManaged (3ms)
				SetLoadedEditorAssemblies (0ms)
				RefreshPlugins (0ms)
				BeforeProcessingInitializeOnLoad (63ms)
				ProcessInitializeOnLoadAttributes (156ms)
				ProcessInitializeOnLoadMethodAttributes (7ms)
				AfterProcessingInitializeOnLoad (5ms)
				EditorAssembliesLoaded (0ms)
			ExecutionOrderSort2 (0ms)
			AwakeInstancesAfterBackupRestoration (5ms)
Platform modules already initialized, skipping
Refreshing native plugins compatible for Editor in 0.34 ms, found 2 plugins.
Preloading 0 native plugins for Editor in 0.00 ms.
Unloading 1886 Unused Serialized files (Serialized files now loaded: 0)
System memory in use before: 87.3 MB.
System memory in use after: 87.4 MB.

Unloading 15 unused Assets to reduce memory usage. Loaded Objects now: 2368.
Total: 2.062200 ms (FindLiveObjects: 0.121000 ms CreateObjectMapping: 0.056000 ms MarkObjects: 1.834800 ms  DeleteObjects: 0.049600 ms)

AssetImportParameters requested are different than current active one (requested -> active):
  custom:framework-win-MediaFoundation: 216162199b28c13a410421893ffa2e32 -> 
  custom:video-decoder-ogg-theora: a1e56fd34408186e4bbccfd4996cb3dc -> 
  custom:container-muxer-webm: aa71ff27fc2769a1b78a27578f13a17b -> 
  custom:container-demuxer-webm: 4f35f7cbe854078d1ac9338744f61a02 -> 
  custom:container-demuxer-ogg: 62fdf1f143b41e24485cea50d1cbac27 -> 
  custom:video-encoder-webm-vp8: eb34c28f22e8b96e1ab97ce403110664 -> 
  custom:video-decoder-webm-vp8: 9c59270c3fd7afecdb556c50c9e8de78 -> 
  custom:audio-decoder-ogg-vorbis: bf7c407c2cedff20999df2af8eb42d56 -> 
  custom:audio-encoder-webm-vorbis: bf7c407c2cedff20999df2af8eb42d56 -> 
========================================================================
Received Import Request.
  Time since last request: 234.219319 seconds.
  path: Assets/Audio/AM_Master.mixer
  artifactKey: Guid(43d7297c0b403cb408c853183c64c602) Importer(815301076,1909f56bfc062723c751e8b465ee728b)
Start importing Assets/Audio/AM_Master.mixer using Guid(43d7297c0b403cb408c853183c64c602) Importer(815301076,1909f56bfc062723c751e8b465ee728b)  -> (artifact id: 'acaa96d3856b1246fea2115dd139b834') in 0.015824 seconds 
  Import took 0.019067 seconds .

========================================================================
Received Import Request.
  Time since last request: 2.280433 seconds.
  path: Assets/Audio/Music
  artifactKey: Guid(254e6d22b0cbf8345b3fdfcc32c5df0b) Importer(815301076,1909f56bfc062723c751e8b465ee728b)
Start importing Assets/Audio/Music using Guid(254e6d22b0cbf8345b3fdfcc32c5df0b) Importer(815301076,1909f56bfc062723c751e8b465ee728b)  -> (artifact id: 'b1fb7b09b33ca24f9c0ffd701eeec7bf') in 0.005255 seconds 
  Import took 0.007638 seconds .

========================================================================
Received Import Request.
  Time since last request: 0.052114 seconds.
  path: Assets/Audio/Music/Duki – Lola.mp3
  artifactKey: Guid(d76b764117a9da340b81b4f2ae26d90e) Importer(815301076,1909f56bfc062723c751e8b465ee728b)
Start importing Assets/Audio/Music/Duki – Lola.mp3 using Guid(d76b764117a9da340b81b4f2ae26d90e) Importer(815301076,1909f56bfc062723c751e8b465ee728b)  -> (artifact id: 'e557566a71d1fa055eae6d326b91bed7') in 0.039497 seconds 
  Import took 0.041867 seconds .

========================================================================
Received Import Request.
  Time since last request: 82.760146 seconds.
  path: Assets/Audio/Music/music2.wav
  artifactKey: Guid(8da5bf46edcfe584d8203640d48a2200) Importer(815301076,1909f56bfc062723c751e8b465ee728b)
Start importing Assets/Audio/Music/music2.wav using Guid(8da5bf46edcfe584d8203640d48a2200) Importer(815301076,1909f56bfc062723c751e8b465ee728b)  -> (artifact id: 'ff5a29c500b0184b110924c3168978bd') in 0.015668 seconds 
  Import took 0.018029 seconds .

========================================================================
Received Prepare
Registering precompiled user dll's ...
Registered in 0.003909 seconds.
Begin MonoManager ReloadAssembly
Native extension for WindowsStandalone target not found
Refreshing native plugins compatible for Editor in 0.33 ms, found 2 plugins.
Preloading 0 native plugins for Editor in 0.00 ms.
Mono: successfully reloaded assembly
- Completed reload, in  0.780 seconds
Domain Reload Profiling:
	ReloadAssembly (781ms)
		BeginReloadAssembly (102ms)
			ExecutionOrderSort (0ms)
			DisableScriptedObjects (3ms)
			BackupInstance (0ms)
			ReleaseScriptingObjects (0ms)
			CreateAndSetChildDomain (24ms)
		EndReloadAssembly (631ms)
			LoadAssemblies (69ms)
			RebuildTransferFunctionScriptingTraits (0ms)
			SetupTypeCache (221ms)
			ReleaseScriptCaches (1ms)
			RebuildScriptCaches (31ms)
			SetupLoadedEditorAssemblies (235ms)
				LogAssemblyErrors (0ms)
				InitializePlatformSupportModulesInManaged (3ms)
				SetLoadedEditorAssemblies (0ms)
				RefreshPlugins (0ms)
				BeforeProcessingInitializeOnLoad (62ms)
				ProcessInitializeOnLoadAttributes (154ms)
				ProcessInitializeOnLoadMethodAttributes (7ms)
				AfterProcessingInitializeOnLoad (8ms)
				EditorAssembliesLoaded (0ms)
			ExecutionOrderSort2 (0ms)
			AwakeInstancesAfterBackupRestoration (7ms)
Platform modules already initialized, skipping
Refreshing native plugins compatible for Editor in 0.36 ms, found 2 plugins.
Preloading 0 native plugins for Editor in 0.00 ms.
Unloading 1886 Unused Serialized files (Serialized files now loaded: 0)
System memory in use before: 87.4 MB.
System memory in use after: 87.5 MB.

Unloading 15 unused Assets to reduce memory usage. Loaded Objects now: 2377.
Total: 2.255300 ms (FindLiveObjects: 0.114800 ms CreateObjectMapping: 0.056200 ms MarkObjects: 2.037400 ms  DeleteObjects: 0.046100 ms)

AssetImportParameters requested are different than current active one (requested -> active):
  custom:framework-win-MediaFoundation: 216162199b28c13a410421893ffa2e32 -> 
  custom:video-decoder-ogg-theora: a1e56fd34408186e4bbccfd4996cb3dc -> 
  custom:container-muxer-webm: aa71ff27fc2769a1b78a27578f13a17b -> 
  custom:container-demuxer-webm: 4f35f7cbe854078d1ac9338744f61a02 -> 
  custom:container-demuxer-ogg: 62fdf1f143b41e24485cea50d1cbac27 -> 
  custom:video-encoder-webm-vp8: eb34c28f22e8b96e1ab97ce403110664 -> 
  custom:video-decoder-webm-vp8: 9c59270c3fd7afecdb556c50c9e8de78 -> 
  custom:audio-decoder-ogg-vorbis: bf7c407c2cedff20999df2af8eb42d56 -> 
  custom:audio-encoder-webm-vorbis: bf7c407c2cedff20999df2af8eb42d56 -> 
========================================================================
Received Prepare
Registering precompiled user dll's ...
Registered in 0.003489 seconds.
Begin MonoManager ReloadAssembly
Native extension for WindowsStandalone target not found
Refreshing native plugins compatible for Editor in 0.39 ms, found 2 plugins.
Preloading 0 native plugins for Editor in 0.00 ms.
Mono: successfully reloaded assembly
- Completed reload, in  0.785 seconds
Domain Reload Profiling:
	ReloadAssembly (786ms)
		BeginReloadAssembly (96ms)
			ExecutionOrderSort (0ms)
			DisableScriptedObjects (4ms)
			BackupInstance (0ms)
			ReleaseScriptingObjects (0ms)
			CreateAndSetChildDomain (24ms)
		EndReloadAssembly (642ms)
			LoadAssemblies (70ms)
			RebuildTransferFunctionScriptingTraits (0ms)
			SetupTypeCache (218ms)
			ReleaseScriptCaches (1ms)
			RebuildScriptCaches (33ms)
			SetupLoadedEditorAssemblies (245ms)
				LogAssemblyErrors (0ms)
				InitializePlatformSupportModulesInManaged (4ms)
				SetLoadedEditorAssemblies (1ms)
				RefreshPlugins (0ms)
				BeforeProcessingInitializeOnLoad (66ms)
				ProcessInitializeOnLoadAttributes (162ms)
				ProcessInitializeOnLoadMethodAttributes (7ms)
				AfterProcessingInitializeOnLoad (5ms)
				EditorAssembliesLoaded (0ms)
			ExecutionOrderSort2 (0ms)
			AwakeInstancesAfterBackupRestoration (5ms)
Platform modules already initialized, skipping
Refreshing native plugins compatible for Editor in 0.35 ms, found 2 plugins.
Preloading 0 native plugins for Editor in 0.00 ms.
Unloading 1886 Unused Serialized files (Serialized files now loaded: 0)
System memory in use before: 87.5 MB.
System memory in use after: 87.5 MB.

Unloading 15 unused Assets to reduce memory usage. Loaded Objects now: 2379.
Total: 2.143900 ms (FindLiveObjects: 0.127100 ms CreateObjectMapping: 0.062400 ms MarkObjects: 1.901900 ms  DeleteObjects: 0.051900 ms)

AssetImportParameters requested are different than current active one (requested -> active):
  custom:framework-win-MediaFoundation: 216162199b28c13a410421893ffa2e32 -> 
  custom:video-decoder-ogg-theora: a1e56fd34408186e4bbccfd4996cb3dc -> 
  custom:container-muxer-webm: aa71ff27fc2769a1b78a27578f13a17b -> 
  custom:container-demuxer-webm: 4f35f7cbe854078d1ac9338744f61a02 -> 
  custom:container-demuxer-ogg: 62fdf1f143b41e24485cea50d1cbac27 -> 
  custom:video-encoder-webm-vp8: eb34c28f22e8b96e1ab97ce403110664 -> 
  custom:video-decoder-webm-vp8: 9c59270c3fd7afecdb556c50c9e8de78 -> 
  custom:audio-decoder-ogg-vorbis: bf7c407c2cedff20999df2af8eb42d56 -> 
  custom:audio-encoder-webm-vorbis: bf7c407c2cedff20999df2af8eb42d56 -> 
========================================================================
Received Prepare
Registering precompiled user dll's ...
Registered in 0.003492 seconds.
Begin MonoManager ReloadAssembly
Native extension for WindowsStandalone target not found
Refreshing native plugins compatible for Editor in 0.35 ms, found 2 plugins.
Preloading 0 native plugins for Editor in 0.00 ms.
Mono: successfully reloaded assembly
- Completed reload, in  0.766 seconds
Domain Reload Profiling:
	ReloadAssembly (766ms)
		BeginReloadAssembly (87ms)
			ExecutionOrderSort (0ms)
			DisableScriptedObjects (3ms)
			BackupInstance (0ms)
			ReleaseScriptingObjects (0ms)
			CreateAndSetChildDomain (22ms)
		EndReloadAssembly (631ms)
			LoadAssemblies (68ms)
			RebuildTransferFunctionScriptingTraits (0ms)
			SetupTypeCache (219ms)
			ReleaseScriptCaches (1ms)
			RebuildScriptCaches (30ms)
			SetupLoadedEditorAssemblies (241ms)
				LogAssemblyErrors (0ms)
				InitializePlatformSupportModulesInManaged (3ms)
				SetLoadedEditorAssemblies (1ms)
				RefreshPlugins (0ms)
				BeforeProcessingInitializeOnLoad (63ms)
				ProcessInitializeOnLoadAttributes (161ms)
				ProcessInitializeOnLoadMethodAttributes (7ms)
				AfterProcessingInitializeOnLoad (6ms)
				EditorAssembliesLoaded (0ms)
			ExecutionOrderSort2 (0ms)
			AwakeInstancesAfterBackupRestoration (5ms)
Platform modules already initialized, skipping
Refreshing native plugins compatible for Editor in 0.34 ms, found 2 plugins.
Preloading 0 native plugins for Editor in 0.00 ms.
Unloading 1886 Unused Serialized files (Serialized files now loaded: 0)
System memory in use before: 87.5 MB.
System memory in use after: 87.5 MB.

Unloading 15 unused Assets to reduce memory usage. Loaded Objects now: 2381.
Total: 2.196100 ms (FindLiveObjects: 0.164300 ms CreateObjectMapping: 0.086400 ms MarkObjects: 1.896300 ms  DeleteObjects: 0.048500 ms)

AssetImportParameters requested are different than current active one (requested -> active):
  custom:framework-win-MediaFoundation: 216162199b28c13a410421893ffa2e32 -> 
  custom:video-decoder-ogg-theora: a1e56fd34408186e4bbccfd4996cb3dc -> 
  custom:container-muxer-webm: aa71ff27fc2769a1b78a27578f13a17b -> 
  custom:container-demuxer-webm: 4f35f7cbe854078d1ac9338744f61a02 -> 
  custom:container-demuxer-ogg: 62fdf1f143b41e24485cea50d1cbac27 -> 
  custom:video-encoder-webm-vp8: eb34c28f22e8b96e1ab97ce403110664 -> 
  custom:video-decoder-webm-vp8: 9c59270c3fd7afecdb556c50c9e8de78 -> 
  custom:audio-decoder-ogg-vorbis: bf7c407c2cedff20999df2af8eb42d56 -> 
  custom:audio-encoder-webm-vorbis: bf7c407c2cedff20999df2af8eb42d56 -> 
========================================================================
Received Import Request.
  Time since last request: 805.960330 seconds.
  path: Assets/Art/Player/Lola.controller
  artifactKey: Guid(535d03b917bca5f4c944c6b1d97b9a6c) Importer(815301076,1909f56bfc062723c751e8b465ee728b)
Start importing Assets/Art/Player/Lola.controller using Guid(535d03b917bca5f4c944c6b1d97b9a6c) Importer(815301076,1909f56bfc062723c751e8b465ee728b)  -> (artifact id: '2bf2951bcb29631854fe5adffe9c4c14') in 0.034271 seconds 
  Import took 0.036939 seconds .

========================================================================
Received Import Request.
  Time since last request: 30.469213 seconds.
  path: Assets/Prefabs
  artifactKey: Guid(97a26b3cfaea7fd4b95b9e8fb702bf35) Importer(815301076,1909f56bfc062723c751e8b465ee728b)
Start importing Assets/Prefabs using Guid(97a26b3cfaea7fd4b95b9e8fb702bf35) Importer(815301076,1909f56bfc062723c751e8b465ee728b)  -> (artifact id: '460c0f27651a1c25f680aed1305830ee') in 0.004579 seconds 
  Import took 0.006938 seconds .

========================================================================
Received Import Request.
  Time since last request: 0.046365 seconds.
  path: Assets/Prefabs/360_F_389666523_Lnv6XuIkcJ3e6qBTi2qY6a5vDKZYPo1a.jpg
  artifactKey: Guid(6b1156b73c2ce224ebc00127387d338d) Importer(815301076,1909f56bfc062723c751e8b465ee728b)
Start importing Assets/Prefabs/360_F_389666523_Lnv6XuIkcJ3e6qBTi2qY6a5vDKZYPo1a.jpg using Guid(6b1156b73c2ce224ebc00127387d338d) Importer(815301076,1909f56bfc062723c751e8b465ee728b)  -> (artifact id: '7dcfd00be39d04e15e39aa502cd430e3') in 0.025066 seconds 
  Import took 0.027414 seconds .

========================================================================
Received Import Request.
  Time since last request: 0.000215 seconds.
  path: Assets/Prefabs/zombieBullet.prefab
  artifactKey: Guid(0183400d31e98e341b9750da4570bf49) Importer(815301076,1909f56bfc062723c751e8b465ee728b)
Start importing Assets/Prefabs/zombieBullet.prefab using Guid(0183400d31e98e341b9750da4570bf49) Importer(815301076,1909f56bfc062723c751e8b465ee728b)  -> (artifact id: 'cdc461982054b125b5e82d02a263ce3a') in 0.097202 seconds 
  Import took 0.099537 seconds .

========================================================================
Received Import Request.
  Time since last request: 0.000174 seconds.
  path: Assets/Prefabs/cardboard_closed.prefab
  artifactKey: Guid(8681776bc6bf9dc439f4191ee38c8315) Importer(815301076,1909f56bfc062723c751e8b465ee728b)
Start importing Assets/Prefabs/cardboard_closed.prefab using Guid(8681776bc6bf9dc439f4191ee38c8315) Importer(815301076,1909f56bfc062723c751e8b465ee728b)  -> (artifact id: '912a9df12d3f24ec116ad498c4951e0f') in 0.085535 seconds 
  Import took 0.087789 seconds .

========================================================================
Received Import Request.
  Time since last request: 0.000203 seconds.
  path: Assets/Prefabs/Blood particles.prefab
  artifactKey: Guid(b5cc315ff7bcdec4098ae081a489b9df) Importer(815301076,1909f56bfc062723c751e8b465ee728b)
Start importing Assets/Prefabs/Blood particles.prefab using Guid(b5cc315ff7bcdec4098ae081a489b9df) Importer(815301076,1909f56bfc062723c751e8b465ee728b)  -> (artifact id: '3b32cc546c283ba01805cf58c7b19043') in 0.014058 seconds 
  Import took 0.016407 seconds .

========================================================================
Received Import Request.
  Time since last request: 0.000168 seconds.
  path: Assets/Prefabs/Hurt particles.prefab
  artifactKey: Guid(737bbf525509da240a0f306d58c07159) Importer(815301076,1909f56bfc062723c751e8b465ee728b)
Start importing Assets/Prefabs/Hurt particles.prefab using Guid(737bbf525509da240a0f306d58c07159) Importer(815301076,1909f56bfc062723c751e8b465ee728b)  -> (artifact id: '4b0e1bc969edeee06e083722dc598fab') in 0.012227 seconds 
  Import took 0.014563 seconds .

========================================================================
Received Import Request.
  Time since last request: 0.000183 seconds.
  path: Assets/Prefabs/Health particles.prefab
  artifactKey: Guid(c13a78aeee8c2864e981731d95824c5b) Importer(815301076,1909f56bfc062723c751e8b465ee728b)
Start importing Assets/Prefabs/Health particles.prefab using Guid(c13a78aeee8c2864e981731d95824c5b) Importer(815301076,1909f56bfc062723c751e8b465ee728b)  -> (artifact id: 'ca32ccd897ade9a85f2d597c61b35a67') in 0.011815 seconds 
  Import took 0.014215 seconds .

========================================================================
Received Import Request.
  Time since last request: 0.000188 seconds.
  path: Assets/Prefabs/Spikes.prefab
  artifactKey: Guid(3ed49c49ec5213c4e8295b7e2ef28598) Importer(815301076,1909f56bfc062723c751e8b465ee728b)
Start importing Assets/Prefabs/Spikes.prefab using Guid(3ed49c49ec5213c4e8295b7e2ef28598) Importer(815301076,1909f56bfc062723c751e8b465ee728b)  -> (artifact id: 'e0941f02068673372b8458402afe6f1f') in 0.012917 seconds 
  Import took 0.015268 seconds .

========================================================================
Received Import Request.
  Time since last request: 0.000191 seconds.
  path: Assets/Prefabs/bullet.prefab
  artifactKey: Guid(00eb4e4de672d854688bc1fa242c4237) Importer(815301076,1909f56bfc062723c751e8b465ee728b)
Start importing Assets/Prefabs/bullet.prefab using Guid(00eb4e4de672d854688bc1fa242c4237) Importer(815301076,1909f56bfc062723c751e8b465ee728b)  -> (artifact id: '1faaa9b40ba784e01e66bd4897110dc1') in 0.013263 seconds 
  Import took 0.015770 seconds .

========================================================================
Received Import Request.
  Time since last request: 0.000193 seconds.
  path: Assets/Prefabs/MedKit.prefab
  artifactKey: Guid(32ab32d520578e3429f35372a2a72703) Importer(815301076,1909f56bfc062723c751e8b465ee728b)
Start importing Assets/Prefabs/MedKit.prefab using Guid(32ab32d520578e3429f35372a2a72703) Importer(815301076,1909f56bfc062723c751e8b465ee728b)  -> (artifact id: '5dbcebb0b5018d0063f22ca0743d4769') in 0.012181 seconds 
  Import took 0.014673 seconds .

========================================================================
Received Import Request.
  Time since last request: 0.000236 seconds.
  path: Assets/Prefabs/ZombieCommon.prefab
  artifactKey: Guid(7141dc1bf3821214d9146aa0a8b45a8a) Importer(815301076,1909f56bfc062723c751e8b465ee728b)
Start importing Assets/Prefabs/ZombieCommon.prefab using Guid(7141dc1bf3821214d9146aa0a8b45a8a) Importer(815301076,1909f56bfc062723c751e8b465ee728b)  -> (artifact id: 'b0b704f34812e182a3d3da57b9277230') in 0.060320 seconds 
  Import took 0.063446 seconds .

========================================================================
Received Import Request.
  Time since last request: 0.000176 seconds.
  path: Assets/Prefabs/ZombieRango.prefab
  artifactKey: Guid(8ab95f1a2ff3f5d4c82a60dd97ce44b9) Importer(815301076,1909f56bfc062723c751e8b465ee728b)
Start importing Assets/Prefabs/ZombieRango.prefab using Guid(8ab95f1a2ff3f5d4c82a60dd97ce44b9) Importer(815301076,1909f56bfc062723c751e8b465ee728b)  -> (artifact id: 'fc1d0e754e1241d258805d15cc77378a') in 0.049960 seconds 
  Import took 0.053027 seconds .

========================================================================
Received Import Request.
  Time since last request: 2.005004 seconds.
  path: Assets/Animations
  artifactKey: Guid(316e68197599956489e3ddba42306f28) Importer(815301076,1909f56bfc062723c751e8b465ee728b)
Start importing Assets/Animations using Guid(316e68197599956489e3ddba42306f28) Importer(815301076,1909f56bfc062723c751e8b465ee728b)  -> (artifact id: 'b83f22405cac3d9f294c241a7eee19c7') in 0.006315 seconds 
  Import took 0.008633 seconds .

========================================================================
Received Import Request.
  Time since last request: 1.277188 seconds.
  path: Assets/Art
  artifactKey: Guid(7c0d7f24513bedc4899ff7ec1ca6e80d) Importer(815301076,1909f56bfc062723c751e8b465ee728b)
Start importing Assets/Art using Guid(7c0d7f24513bedc4899ff7ec1ca6e80d) Importer(815301076,1909f56bfc062723c751e8b465ee728b)  -> (artifact id: 'cd461bea47792645509b275b386dec51') in 0.004765 seconds 
  Import took 0.007162 seconds .

========================================================================
Received Import Request.
  Time since last request: 0.049120 seconds.
  path: Assets/Art/1-removebg-preview (1).png
  artifactKey: Guid(424c7de9a225b7846b6a4ebb76038fde) Importer(815301076,1909f56bfc062723c751e8b465ee728b)
Start importing Assets/Art/1-removebg-preview (1).png using Guid(424c7de9a225b7846b6a4ebb76038fde) Importer(815301076,1909f56bfc062723c751e8b465ee728b)  -> (artifact id: '3e9c18a789d47f8e6effbe26293beb63') in 0.009765 seconds 
  Import took 0.012200 seconds .

========================================================================
Received Import Request.
  Time since last request: 0.000203 seconds.
  path: Assets/Art/minus.png
  artifactKey: Guid(77802e097253d764aab428ce6f901f13) Importer(815301076,1909f56bfc062723c751e8b465ee728b)
Start importing Assets/Art/minus.png using Guid(77802e097253d764aab428ce6f901f13) Importer(815301076,1909f56bfc062723c751e8b465ee728b)  -> (artifact id: 'dc6c1da02b03cf917fad64b023a26125') in 0.009511 seconds 
  Import took 0.011753 seconds .

========================================================================
Received Import Request.
  Time since last request: 0.000168 seconds.
  path: Assets/Art/click.png
  artifactKey: Guid(d2c7453ad7cbdf045b60c0078d771e32) Importer(815301076,1909f56bfc062723c751e8b465ee728b)
Start importing Assets/Art/click.png using Guid(d2c7453ad7cbdf045b60c0078d771e32) Importer(815301076,1909f56bfc062723c751e8b465ee728b)  -> (artifact id: '1df5acfb8f4d5afe62ca502bd79af5f6') in 0.018958 seconds 
  Import took 0.021164 seconds .

========================================================================
Received Import Request.
  Time since last request: 0.000208 seconds.
  path: Assets/Art/brillo.png
  artifactKey: Guid(819382bfe216c4e43b9ad5ffa4a03766) Importer(815301076,1909f56bfc062723c751e8b465ee728b)
Start importing Assets/Art/brillo.png using Guid(819382bfe216c4e43b9ad5ffa4a03766) Importer(815301076,1909f56bfc062723c751e8b465ee728b)  -> (artifact id: '039d653ffb0c45ab9482c58bffc8409d') in 0.009778 seconds 
  Import took 0.012006 seconds .

========================================================================
Received Import Request.
  Time since last request: 0.000238 seconds.
  path: Assets/Art/cardboard_opened.obj
  artifactKey: Guid(ece9b6905d6715e47be147166507804f) Importer(815301076,1909f56bfc062723c751e8b465ee728b)
Start importing Assets/Art/cardboard_opened.obj using Guid(ece9b6905d6715e47be147166507804f) Importer(815301076,1909f56bfc062723c751e8b465ee728b)  -> (artifact id: 'c62c4c7f97072c0da0a94832c90cb5eb') in 0.051668 seconds 
  Import took 0.053962 seconds .

========================================================================
Received Import Request.
  Time since last request: 0.000179 seconds.
  path: Assets/Art/spti.mat
  artifactKey: Guid(bc3a4864a0473b54eb6fbaf9eb05911b) Importer(815301076,1909f56bfc062723c751e8b465ee728b)
Start importing Assets/Art/spti.mat using Guid(bc3a4864a0473b54eb6fbaf9eb05911b) Importer(815301076,1909f56bfc062723c751e8b465ee728b)  -> (artifact id: 'dfdf7d1106ee5a0ddfd3246164cd93e4') in 0.011830 seconds 
  Import took 0.014073 seconds .

========================================================================
Received Import Request.
  Time since last request: 0.000176 seconds.
  path: Assets/Art/14685.jpg
  artifactKey: Guid(38a197cf48960d24397a04bd31622be6) Importer(815301076,1909f56bfc062723c751e8b465ee728b)
Start importing Assets/Art/14685.jpg using Guid(38a197cf48960d24397a04bd31622be6) Importer(815301076,1909f56bfc062723c751e8b465ee728b)  -> (artifact id: '7992a30d00a92ccb6bea6ef8a94f0e3f') in 0.009150 seconds 
  Import took 0.011394 seconds .

========================================================================
Received Import Request.
  Time since last request: 0.000180 seconds.
  path: Assets/Art/cardboard_closed.FBX
  artifactKey: Guid(b3d4b21227e211549af421fc8cc039ca) Importer(815301076,1909f56bfc062723c751e8b465ee728b)
Start importing Assets/Art/cardboard_closed.FBX using Guid(b3d4b21227e211549af421fc8cc039ca) Importer(815301076,1909f56bfc062723c751e8b465ee728b)  -> (artifact id: '1b17b4e1b2bc51d20849a6337a80213f') in 0.017605 seconds 
  Import took 0.019893 seconds .

========================================================================
Received Import Request.
  Time since last request: 0.000202 seconds.
  path: Assets/Art/wasd.png
  artifactKey: Guid(79455497709d2b847ae8998679f8487b) Importer(815301076,1909f56bfc062723c751e8b465ee728b)
Start importing Assets/Art/wasd.png using Guid(79455497709d2b847ae8998679f8487b) Importer(815301076,1909f56bfc062723c751e8b465ee728b)  -> (artifact id: 'bcf96d992c5dd34f769494649e2ff0d2') in 0.015051 seconds 
  Import took 0.017337 seconds .

========================================================================
Received Import Request.
  Time since last request: 0.000191 seconds.
  path: Assets/Art/normal.tga
  artifactKey: Guid(7e09877718d2c9f4fb6b0d2ae6c2fbf9) Importer(815301076,1909f56bfc062723c751e8b465ee728b)
Start importing Assets/Art/normal.tga using Guid(7e09877718d2c9f4fb6b0d2ae6c2fbf9) Importer(815301076,1909f56bfc062723c751e8b465ee728b)  -> (artifact id: '04e1afd842464b2bf07966f529ad7c33') in 0.014559 seconds 
  Import took 0.016842 seconds .

========================================================================
Received Import Request.
  Time since last request: 0.000186 seconds.
  path: Assets/Art/cardboard_closed.obj
  artifactKey: Guid(2a9b025498adf954eb79b570e42845d0) Importer(815301076,1909f56bfc062723c751e8b465ee728b)
Start importing Assets/Art/cardboard_closed.obj using Guid(2a9b025498adf954eb79b570e42845d0) Importer(815301076,1909f56bfc062723c751e8b465ee728b)  -> (artifact id: '3779172f268758a9082d9d46ba19d6cb') in 0.024930 seconds 
  Import took 0.027232 seconds .

========================================================================
Received Import Request.
  Time since last request: 0.000174 seconds.
  path: Assets/Art/health.png
  artifactKey: Guid(461d77500c32fbf409b6c202bc3c0a77) Importer(815301076,1909f56bfc062723c751e8b465ee728b)
Start importing Assets/Art/health.png using Guid(461d77500c32fbf409b6c202bc3c0a77) Importer(815301076,1909f56bfc062723c751e8b465ee728b)  -> (artifact id: '9b2f2a4779f4b301dee31c4cd7ad58ad') in 0.008420 seconds 
  Import took 0.010668 seconds .

========================================================================
Received Import Request.
  Time since last request: 0.000162 seconds.
  path: Assets/Art/cardboard_tube.FBX
  artifactKey: Guid(5c4eb33127f6e244c90f98d6896114e0) Importer(815301076,1909f56bfc062723c751e8b465ee728b)
Start importing Assets/Art/cardboard_tube.FBX using Guid(5c4eb33127f6e244c90f98d6896114e0) Importer(815301076,1909f56bfc062723c751e8b465ee728b)  -> (artifact id: '25f7322b96b4b115bb69e22bf32941de') in 0.019103 seconds 
  Import took 0.021620 seconds .

========================================================================
Received Import Request.
  Time since last request: 0.000258 seconds.
  path: Assets/Art/cardboard_opened.FBX
  artifactKey: Guid(76893081cae7d5f41859770f09017e90) Importer(815301076,1909f56bfc062723c751e8b465ee728b)
Start importing Assets/Art/cardboard_opened.FBX using Guid(76893081cae7d5f41859770f09017e90) Importer(815301076,1909f56bfc062723c751e8b465ee728b)  -> (artifact id: 'e1e89c19cb9656000e57106ef5e11df6') in 0.017538 seconds 
  Import took 0.019793 seconds .

========================================================================
Received Import Request.
  Time since last request: 0.000216 seconds.
  path: Assets/Art/water-drop-png-hd-9.png
  artifactKey: Guid(1a0f1758f45b2744f8162bdcd2e00e1a) Importer(815301076,1909f56bfc062723c751e8b465ee728b)
Start importing Assets/Art/water-drop-png-hd-9.png using Guid(1a0f1758f45b2744f8162bdcd2e00e1a) Importer(815301076,1909f56bfc062723c751e8b465ee728b)  -> (artifact id: 'fb1d0b829259cc9244a227d54c4a74ba') in 0.008934 seconds 
  Import took 0.011220 seconds .

========================================================================
Received Import Request.
  Time since last request: 0.000161 seconds.
  path: Assets/Art/specular.tga
  artifactKey: Guid(eb2aa3784b9edeb46add0d7e65d833b9) Importer(815301076,1909f56bfc062723c751e8b465ee728b)
Start importing Assets/Art/specular.tga using Guid(eb2aa3784b9edeb46add0d7e65d833b9) Importer(815301076,1909f56bfc062723c751e8b465ee728b)  -> (artifact id: '8560e00f454b7d93c9941181fe9b9eda') in 0.010158 seconds 
  Import took 0.012458 seconds .

========================================================================
Received Import Request.
  Time since last request: 0.000158 seconds.
  path: Assets/Art/box.mat
  artifactKey: Guid(b1e8aa13df9e49d458e3f62581ce7396) Importer(815301076,1909f56bfc062723c751e8b465ee728b)
Start importing Assets/Art/box.mat using Guid(b1e8aa13df9e49d458e3f62581ce7396) Importer(815301076,1909f56bfc062723c751e8b465ee728b)  -> (artifact id: '7743a05bd19e503c39ae8f810acdd347') in 0.015914 seconds 
  Import took 0.018204 seconds .

========================================================================
Received Import Request.
  Time since last request: 0.000164 seconds.
  path: Assets/Art/diffus.tga
  artifactKey: Guid(a0028fe364804884c87c4520e6d92487) Importer(815301076,1909f56bfc062723c751e8b465ee728b)
Start importing Assets/Art/diffus.tga using Guid(a0028fe364804884c87c4520e6d92487) Importer(815301076,1909f56bfc062723c751e8b465ee728b)  -> (artifact id: '3edce4620c3d56811f9ccdf6e4405b72') in 0.012756 seconds 
  Import took 0.015041 seconds .

========================================================================
Received Import Request.
  Time since last request: 0.000210 seconds.
  path: Assets/Art/New Material.mat
  artifactKey: Guid(93cffebbec8989440a7c6c46a3bce3a0) Importer(815301076,1909f56bfc062723c751e8b465ee728b)
Start importing Assets/Art/New Material.mat using Guid(93cffebbec8989440a7c6c46a3bce3a0) Importer(815301076,1909f56bfc062723c751e8b465ee728b)  -> (artifact id: '6d96fec239d4016e93572779a35223b3') in 0.010620 seconds 
  Import took 0.012875 seconds .

========================================================================
Received Import Request.
  Time since last request: 0.000149 seconds.
  path: Assets/Art/health.mat
  artifactKey: Guid(37740667a8b27314786c86af6958b4bb) Importer(815301076,1909f56bfc062723c751e8b465ee728b)
Start importing Assets/Art/health.mat using Guid(37740667a8b27314786c86af6958b4bb) Importer(815301076,1909f56bfc062723c751e8b465ee728b)  -> (artifact id: '81a01cbbddace3c94b97c689c8673cb6') in 0.009422 seconds 
  Import took 0.011763 seconds .

========================================================================
Received Import Request.
  Time since last request: 0.000158 seconds.
  path: Assets/Art/cardboard_tube.obj
  artifactKey: Guid(ba861925914cb364d8111de2f6ab1336) Importer(815301076,1909f56bfc062723c751e8b465ee728b)
Start importing Assets/Art/cardboard_tube.obj using Guid(ba861925914cb364d8111de2f6ab1336) Importer(815301076,1909f56bfc062723c751e8b465ee728b)  -> (artifact id: '3811cc18a1e57e4e3011556f664db0d7') in 0.019879 seconds 
  Import took 0.022213 seconds .

========================================================================
Received Import Request.
  Time since last request: 1.645847 seconds.
  path: Assets/Art/Player
  artifactKey: Guid(35f7b9279c4521d46816408aeb1b6243) Importer(815301076,1909f56bfc062723c751e8b465ee728b)
Start importing Assets/Art/Player using Guid(35f7b9279c4521d46816408aeb1b6243) Importer(815301076,1909f56bfc062723c751e8b465ee728b)  -> (artifact id: 'bcf4e2a362d574c660ccf4beea837a0a') in 0.004543 seconds 
  Import took 0.006918 seconds .

========================================================================
Received Import Request.
  Time since last request: 0.058204 seconds.
  path: Assets/Art/Player/Ch22_body.mat
  artifactKey: Guid(8ee23cdda84fbe449a9d03625458c210) Importer(815301076,1909f56bfc062723c751e8b465ee728b)
Start importing Assets/Art/Player/Ch22_body.mat using Guid(8ee23cdda84fbe449a9d03625458c210) Importer(815301076,1909f56bfc062723c751e8b465ee728b)  -> (artifact id: '53eeb262376f001ce39a1b9fbf9bc64c') in 0.016638 seconds 
  Import took 0.019247 seconds .

========================================================================
Received Import Request.
  Time since last request: 0.000249 seconds.
  path: Assets/Art/Player/Player.fbx
  artifactKey: Guid(461e11822be1ec844b2cbfd1ad3046b0) Importer(815301076,1909f56bfc062723c751e8b465ee728b)
Start importing Assets/Art/Player/Player.fbx using Guid(461e11822be1ec844b2cbfd1ad3046b0) Importer(815301076,1909f56bfc062723c751e8b465ee728b)  -> (artifact id: '5d787883f2a486769bc4e47448faa779') in 0.275618 seconds 
  Import took 0.278644 seconds .

========================================================================
Received Import Request.
  Time since last request: 0.000168 seconds.
  path: Assets/Art/Player/Ch22_hair.mat
  artifactKey: Guid(26a6d07c97d185044b722b80ef3e976d) Importer(815301076,1909f56bfc062723c751e8b465ee728b)
Start importing Assets/Art/Player/Ch22_hair.mat using Guid(26a6d07c97d185044b722b80ef3e976d) Importer(815301076,1909f56bfc062723c751e8b465ee728b)  -> (artifact id: '1e785230fd479e0429e82fdb8d545441') in 0.019313 seconds 
  Import took 0.021593 seconds .

========================================================================
Received Import Request.
  Time since last request: 2.062326 seconds.
  path: Assets/Art/Player/Animations
  artifactKey: Guid(c847b23a4ed247741b5b7c9acf599e56) Importer(815301076,1909f56bfc062723c751e8b465ee728b)
Start importing Assets/Art/Player/Animations using Guid(c847b23a4ed247741b5b7c9acf599e56) Importer(815301076,1909f56bfc062723c751e8b465ee728b)  -> (artifact id: '044d502436db3850870a8d08a0e32c53') in 0.001791 seconds 
  Import took 0.004228 seconds .

========================================================================
Received Prepare
Registering precompiled user dll's ...
Registered in 0.003443 seconds.
Begin MonoManager ReloadAssembly
Native extension for WindowsStandalone target not found
Refreshing native plugins compatible for Editor in 0.49 ms, found 2 plugins.
Preloading 0 native plugins for Editor in 0.00 ms.
Mono: successfully reloaded assembly
- Completed reload, in  0.786 seconds
Domain Reload Profiling:
	ReloadAssembly (787ms)
		BeginReloadAssembly (101ms)
			ExecutionOrderSort (0ms)
			DisableScriptedObjects (3ms)
			BackupInstance (0ms)
			ReleaseScriptingObjects (0ms)
			CreateAndSetChildDomain (25ms)
		EndReloadAssembly (638ms)
			LoadAssemblies (69ms)
			RebuildTransferFunctionScriptingTraits (0ms)
			SetupTypeCache (222ms)
			ReleaseScriptCaches (1ms)
			RebuildScriptCaches (35ms)
			SetupLoadedEditorAssemblies (237ms)
				LogAssemblyErrors (0ms)
				InitializePlatformSupportModulesInManaged (4ms)
				SetLoadedEditorAssemblies (0ms)
				RefreshPlugins (1ms)
				BeforeProcessingInitializeOnLoad (66ms)
				ProcessInitializeOnLoadAttributes (154ms)
				ProcessInitializeOnLoadMethodAttributes (7ms)
				AfterProcessingInitializeOnLoad (5ms)
				EditorAssembliesLoaded (0ms)
			ExecutionOrderSort2 (0ms)
			AwakeInstancesAfterBackupRestoration (5ms)
Platform modules already initialized, skipping
Refreshing native plugins compatible for Editor in 0.33 ms, found 2 plugins.
Preloading 0 native plugins for Editor in 0.00 ms.
Unloading 1886 Unused Serialized files (Serialized files now loaded: 0)
System memory in use before: 88.4 MB.
System memory in use after: 88.4 MB.

Unloading 17 unused Assets to reduce memory usage. Loaded Objects now: 2429.
Total: 2.121000 ms (FindLiveObjects: 0.125700 ms CreateObjectMapping: 0.058300 ms MarkObjects: 1.872600 ms  DeleteObjects: 0.063400 ms)

AssetImportParameters requested are different than current active one (requested -> active):
  custom:framework-win-MediaFoundation: 216162199b28c13a410421893ffa2e32 -> 
  custom:video-decoder-ogg-theora: a1e56fd34408186e4bbccfd4996cb3dc -> 
  custom:container-muxer-webm: aa71ff27fc2769a1b78a27578f13a17b -> 
  custom:container-demuxer-webm: 4f35f7cbe854078d1ac9338744f61a02 -> 
  custom:container-demuxer-ogg: 62fdf1f143b41e24485cea50d1cbac27 -> 
  custom:video-encoder-webm-vp8: eb34c28f22e8b96e1ab97ce403110664 -> 
  custom:video-decoder-webm-vp8: 9c59270c3fd7afecdb556c50c9e8de78 -> 
  custom:audio-decoder-ogg-vorbis: bf7c407c2cedff20999df2af8eb42d56 -> 
  custom:audio-encoder-webm-vorbis: bf7c407c2cedff20999df2af8eb42d56 -> 
========================================================================
Received Import Request.
  Time since last request: 31.236902 seconds.
  path: Assets/Art/Player/Animations/Standing Dive Forward.fbx
  artifactKey: Guid(36364468ffa6564469e8ee35cd11f9c7) Importer(815301076,1909f56bfc062723c751e8b465ee728b)
Start importing Assets/Art/Player/Animations/Standing Dive Forward.fbx using Guid(36364468ffa6564469e8ee35cd11f9c7) Importer(815301076,1909f56bfc062723c751e8b465ee728b)  -> (artifact id: 'ed13a796ab3a9558652d366938e459e9') in 0.025229 seconds 
  Import took 0.027734 seconds .

========================================================================
Received Import Request.
  Time since last request: 1.860043 seconds.
  path: Assets/Art/Player/Animations/mixamo.com.anim
  artifactKey: Guid(7c5f1d0400ea7eb43ad17a0804017c6f) Importer(815301076,1909f56bfc062723c751e8b465ee728b)
Start importing Assets/Art/Player/Animations/mixamo.com.anim using Guid(7c5f1d0400ea7eb43ad17a0804017c6f) Importer(815301076,1909f56bfc062723c751e8b465ee728b)  -> (artifact id: 'a2108d7c522c7471ef6b463802c54ba7') in 0.011920 seconds 
  Import took 0.014347 seconds .

========================================================================
Received Import Request.
  Time since last request: 6.995217 seconds.
  path: Assets/Art/Player/Animations/Roll.anim
  artifactKey: Guid(7c5f1d0400ea7eb43ad17a0804017c6f) Importer(815301076,1909f56bfc062723c751e8b465ee728b)
Start importing Assets/Art/Player/Animations/Roll.anim using Guid(7c5f1d0400ea7eb43ad17a0804017c6f) Importer(815301076,1909f56bfc062723c751e8b465ee728b)  -> (artifact id: '8626024c3b3ccc335d6dfb7554ba8d4f') in 0.011206 seconds 
  Import took 0.013651 seconds .

========================================================================
Received Import Request.
  Time since last request: 191.005587 seconds.
  path: Assets/Art/Player/Player.fbx
  artifactKey: Guid(461e11822be1ec844b2cbfd1ad3046b0) Importer(815301076,1909f56bfc062723c751e8b465ee728b)
Start importing Assets/Art/Player/Player.fbx using Guid(461e11822be1ec844b2cbfd1ad3046b0) Importer(815301076,1909f56bfc062723c751e8b465ee728b)  -> (artifact id: '6de7d92a16c1785af8b55499257c8e48') in 0.117930 seconds 
  Import took 0.121560 seconds .

========================================================================
Received Prepare
Registering precompiled user dll's ...
Registered in 0.003766 seconds.
Begin MonoManager ReloadAssembly
Native extension for WindowsStandalone target not found
Refreshing native plugins compatible for Editor in 0.34 ms, found 2 plugins.
Preloading 0 native plugins for Editor in 0.00 ms.
Mono: successfully reloaded assembly
- Completed reload, in  0.777 seconds
Domain Reload Profiling:
	ReloadAssembly (778ms)
		BeginReloadAssembly (97ms)
			ExecutionOrderSort (0ms)
			DisableScriptedObjects (3ms)
			BackupInstance (0ms)
			ReleaseScriptingObjects (0ms)
			CreateAndSetChildDomain (23ms)
		EndReloadAssembly (633ms)
			LoadAssemblies (69ms)
			RebuildTransferFunctionScriptingTraits (0ms)
			SetupTypeCache (217ms)
			ReleaseScriptCaches (1ms)
			RebuildScriptCaches (30ms)
			SetupLoadedEditorAssemblies (231ms)
				LogAssemblyErrors (0ms)
				InitializePlatformSupportModulesInManaged (3ms)
				SetLoadedEditorAssemblies (0ms)
				RefreshPlugins (0ms)
				BeforeProcessingInitializeOnLoad (62ms)
				ProcessInitializeOnLoadAttributes (153ms)
				ProcessInitializeOnLoadMethodAttributes (7ms)
				AfterProcessingInitializeOnLoad (6ms)
				EditorAssembliesLoaded (0ms)
			ExecutionOrderSort2 (0ms)
			AwakeInstancesAfterBackupRestoration (5ms)
Platform modules already initialized, skipping
Refreshing native plugins compatible for Editor in 0.34 ms, found 2 plugins.
Preloading 0 native plugins for Editor in 0.00 ms.
Unloading 1886 Unused Serialized files (Serialized files now loaded: 0)
System memory in use before: 88.4 MB.
System memory in use after: 88.4 MB.

Unloading 15 unused Assets to reduce memory usage. Loaded Objects now: 2432.
Total: 2.041100 ms (FindLiveObjects: 0.121400 ms CreateObjectMapping: 0.055900 ms MarkObjects: 1.811900 ms  DeleteObjects: 0.051300 ms)

AssetImportParameters requested are different than current active one (requested -> active):
  custom:framework-win-MediaFoundation: 216162199b28c13a410421893ffa2e32 -> 
  custom:video-decoder-ogg-theora: a1e56fd34408186e4bbccfd4996cb3dc -> 
  custom:container-muxer-webm: aa71ff27fc2769a1b78a27578f13a17b -> 
  custom:container-demuxer-webm: 4f35f7cbe854078d1ac9338744f61a02 -> 
  custom:container-demuxer-ogg: 62fdf1f143b41e24485cea50d1cbac27 -> 
  custom:video-encoder-webm-vp8: eb34c28f22e8b96e1ab97ce403110664 -> 
  custom:video-decoder-webm-vp8: 9c59270c3fd7afecdb556c50c9e8de78 -> 
  custom:audio-decoder-ogg-vorbis: bf7c407c2cedff20999df2af8eb42d56 -> 
  custom:audio-encoder-webm-vorbis: bf7c407c2cedff20999df2af8eb42d56 -> 
========================================================================
Received Import Request.
  Time since last request: 40.872822 seconds.
  path: Assets/Art/Player/Animations/Pistol Whip.fbx
  artifactKey: Guid(2810e03e3c6764e49809c2c9eff4f117) Importer(815301076,1909f56bfc062723c751e8b465ee728b)
Start importing Assets/Art/Player/Animations/Pistol Whip.fbx using Guid(2810e03e3c6764e49809c2c9eff4f117) Importer(815301076,1909f56bfc062723c751e8b465ee728b)  -> (artifact id: '2f5b0bc523e9b9250ba38090adfdf576') in 0.024179 seconds 
  Import took 0.026675 seconds .

========================================================================
Received Import Request.
  Time since last request: 39.446450 seconds.
  path: Assets/Art/Player/Animations/mixamo.com.anim
  artifactKey: Guid(e1fffaae620b3f54cb1379908a063032) Importer(815301076,1909f56bfc062723c751e8b465ee728b)
Start importing Assets/Art/Player/Animations/mixamo.com.anim using Guid(e1fffaae620b3f54cb1379908a063032) Importer(815301076,1909f56bfc062723c751e8b465ee728b)  -> (artifact id: '78397d2df6e1a01525cf846ddfcfc4c7') in 0.008293 seconds 
  Import took 0.010773 seconds .

========================================================================
Received Import Request.
  Time since last request: 39.002329 seconds.
  path: Assets/Art/Player/Animations/Rolling.anim
  artifactKey: Guid(0e00890d5af93464e9b50d21084028e0) Importer(815301076,1909f56bfc062723c751e8b465ee728b)
Start importing Assets/Art/Player/Animations/Rolling.anim using Guid(0e00890d5af93464e9b50d21084028e0) Importer(815301076,1909f56bfc062723c751e8b465ee728b)  -> (artifact id: '0529ebbf295b6bc60e055281da152d96') in 0.005074 seconds 
  Import took 0.007533 seconds .

========================================================================
Received Import Request.
  Time since last request: 73.253228 seconds.
  path: Assets/Art/Player/Animations/X Bot@Standing Dive Forward.fbx
  artifactKey: Guid(672c4fba478590b499f90c213b6575b8) Importer(815301076,1909f56bfc062723c751e8b465ee728b)
Start importing Assets/Art/Player/Animations/X Bot@Standing Dive Forward.fbx using Guid(672c4fba478590b499f90c213b6575b8) Importer(815301076,1909f56bfc062723c751e8b465ee728b)  -> (artifact id: '3d63fb85de0061b4ca66691c5a416989') in 0.009305 seconds 
  Import took 0.011908 seconds .

========================================================================
Received Import Request.
  Time since last request: 3.132669 seconds.
  path: Assets/Art/Player/Animations/Standing Dive Forward.anim
  artifactKey: Guid(7d30a35a01c07e8419d3d42a1c58eed7) Importer(815301076,1909f56bfc062723c751e8b465ee728b)
Start importing Assets/Art/Player/Animations/Standing Dive Forward.anim using Guid(7d30a35a01c07e8419d3d42a1c58eed7) Importer(815301076,1909f56bfc062723c751e8b465ee728b)  -> (artifact id: '9498ea570346c25e16e043883486819c') in 0.007885 seconds 
  Import took 0.010271 seconds .

========================================================================
Received Import Request.
  Time since last request: 1091.405818 seconds.
  path: Assets/Art/Player/Animations/Standing Dive Forward.fbx
  artifactKey: Guid(36364468ffa6564469e8ee35cd11f9c7) Importer(815301076,1909f56bfc062723c751e8b465ee728b)
Start importing Assets/Art/Player/Animations/Standing Dive Forward.fbx using Guid(36364468ffa6564469e8ee35cd11f9c7) Importer(815301076,1909f56bfc062723c751e8b465ee728b)  -> (artifact id: '57de106303ab0e69c641a461692bfe70') in 0.006084 seconds 
  Import took 0.009208 seconds .

========================================================================
Received Import Request.
  Time since last request: 100.777914 seconds.
  path: Assets/Art/Player/Animations/Standing Dive Forward.fbx
  artifactKey: Guid(36364468ffa6564469e8ee35cd11f9c7) Importer(815301076,1909f56bfc062723c751e8b465ee728b)
Start importing Assets/Art/Player/Animations/Standing Dive Forward.fbx using Guid(36364468ffa6564469e8ee35cd11f9c7) Importer(815301076,1909f56bfc062723c751e8b465ee728b)  -> (artifact id: 'bf5f9e6458649ee166598bf0b281e2e1') in 0.005270 seconds 
  Import took 0.007811 seconds .

========================================================================
Received Import Request.
  Time since last request: 7.116517 seconds.
  path: Assets/Art/Player/Animations/Standing Dive Forward.fbx
  artifactKey: Guid(36364468ffa6564469e8ee35cd11f9c7) Importer(815301076,1909f56bfc062723c751e8b465ee728b)
Start importing Assets/Art/Player/Animations/Standing Dive Forward.fbx using Guid(36364468ffa6564469e8ee35cd11f9c7) Importer(815301076,1909f56bfc062723c751e8b465ee728b)  -> (artifact id: '3e7c7e85a89ded0a7aa8a1ea7c3eaf95') in 0.006769 seconds 
  Import took 0.009660 seconds .

========================================================================
Received Import Request.
  Time since last request: 38.723241 seconds.
  path: Assets/Art/Player/Animations/Standing Dive Forward.fbx
  artifactKey: Guid(36364468ffa6564469e8ee35cd11f9c7) Importer(815301076,1909f56bfc062723c751e8b465ee728b)
Start importing Assets/Art/Player/Animations/Standing Dive Forward.fbx using Guid(36364468ffa6564469e8ee35cd11f9c7) Importer(815301076,1909f56bfc062723c751e8b465ee728b)  -> (artifact id: '895ce05591b99531d9ea18a3398e37ef') in 0.005019 seconds 
  Import took 0.007595 seconds .

========================================================================
Received Import Request.
  Time since last request: 9.932406 seconds.
  path: Assets/Art/Player/Animations/Standing Dive Forward.fbx
  artifactKey: Guid(36364468ffa6564469e8ee35cd11f9c7) Importer(815301076,1909f56bfc062723c751e8b465ee728b)
Start importing Assets/Art/Player/Animations/Standing Dive Forward.fbx using Guid(36364468ffa6564469e8ee35cd11f9c7) Importer(815301076,1909f56bfc062723c751e8b465ee728b)  -> (artifact id: 'ea3dacc074bb796ae900af4b53bb5052') in 0.005122 seconds 
  Import took 0.007671 seconds .

========================================================================
Received Import Request.
  Time since last request: 56.668214 seconds.
  path: Assets/Art/Player/Animations/Right.anim
  artifactKey: Guid(7c045c967592d4e47b79c1edd4a492f9) Importer(815301076,1909f56bfc062723c751e8b465ee728b)
Start importing Assets/Art/Player/Animations/Right.anim using Guid(7c045c967592d4e47b79c1edd4a492f9) Importer(815301076,1909f56bfc062723c751e8b465ee728b)  -> (artifact id: 'b76be917739a0583cef751b0d4dde8a0') in 0.007862 seconds 
  Import took 0.010391 seconds .

========================================================================
Received Import Request.
  Time since last request: 100.568126 seconds.
  path: Assets/Art/Player/Animations/Standing Dive Forward (1).fbx
  artifactKey: Guid(dc9fe29c6f9e95f4a8d8ce9d83eae15d) Importer(815301076,1909f56bfc062723c751e8b465ee728b)
Start importing Assets/Art/Player/Animations/Standing Dive Forward (1).fbx using Guid(dc9fe29c6f9e95f4a8d8ce9d83eae15d) Importer(815301076,1909f56bfc062723c751e8b465ee728b)  -> (artifact id: 'c95f274008b34979f5ccaec32a51441a') in 0.009784 seconds 
  Import took 0.012807 seconds .

========================================================================
Received Import Request.
  Time since last request: 7.067405 seconds.
  path: Assets/Art/Player/Animations/mixamo.com.anim
  artifactKey: Guid(e1fffaae620b3f54cb1379908a063032) Importer(815301076,1909f56bfc062723c751e8b465ee728b)
Start importing Assets/Art/Player/Animations/mixamo.com.anim using Guid(e1fffaae620b3f54cb1379908a063032) Importer(815301076,1909f56bfc062723c751e8b465ee728b)  -> (artifact id: '6dc82430914eebbe53b35564e8ba860c') in 0.008027 seconds 
  Import took 0.010556 seconds .

========================================================================
Received Import Request.
  Time since last request: 12.990790 seconds.
  path: Assets/Art/Player/Animations/d.anim
  artifactKey: Guid(7c5f1d0400ea7eb43ad17a0804017c6f) Importer(815301076,1909f56bfc062723c751e8b465ee728b)
Start importing Assets/Art/Player/Animations/d.anim using Guid(7c5f1d0400ea7eb43ad17a0804017c6f) Importer(815301076,1909f56bfc062723c751e8b465ee728b)  -> (artifact id: '755c4bee7190195844591e267444041a') in 0.029927 seconds 
  Import took 0.032680 seconds .

========================================================================
Received Import Request.
  Time since last request: 4.259872 seconds.
  path: Assets/Art/Player/Animations/Roll.anim
  artifactKey: Guid(e1fffaae620b3f54cb1379908a063032) Importer(815301076,1909f56bfc062723c751e8b465ee728b)
Start importing Assets/Art/Player/Animations/Roll.anim using Guid(e1fffaae620b3f54cb1379908a063032) Importer(815301076,1909f56bfc062723c751e8b465ee728b)  -> (artifact id: '1360c6da797afb9137949b9eead836ce') in 0.008296 seconds 
  Import took 0.010816 seconds .

========================================================================
Received Prepare
Registering precompiled user dll's ...
Registered in 0.003578 seconds.
Begin MonoManager ReloadAssembly
Native extension for WindowsStandalone target not found
Refreshing native plugins compatible for Editor in 0.33 ms, found 2 plugins.
Preloading 0 native plugins for Editor in 0.00 ms.
Mono: successfully reloaded assembly
- Completed reload, in  0.796 seconds
Domain Reload Profiling:
	ReloadAssembly (797ms)
		BeginReloadAssembly (89ms)
			ExecutionOrderSort (0ms)
			DisableScriptedObjects (3ms)
			BackupInstance (0ms)
			ReleaseScriptingObjects (0ms)
			CreateAndSetChildDomain (24ms)
		EndReloadAssembly (650ms)
			LoadAssemblies (75ms)
			RebuildTransferFunctionScriptingTraits (0ms)
			SetupTypeCache (237ms)
			ReleaseScriptCaches (1ms)
			RebuildScriptCaches (30ms)
			SetupLoadedEditorAssemblies (235ms)
				LogAssemblyErrors (0ms)
				InitializePlatformSupportModulesInManaged (3ms)
				SetLoadedEditorAssemblies (0ms)
				RefreshPlugins (0ms)
				BeforeProcessingInitializeOnLoad (63ms)
				ProcessInitializeOnLoadAttributes (154ms)
				ProcessInitializeOnLoadMethodAttributes (7ms)
				AfterProcessingInitializeOnLoad (5ms)
				EditorAssembliesLoaded (0ms)
			ExecutionOrderSort2 (0ms)
			AwakeInstancesAfterBackupRestoration (5ms)
Platform modules already initialized, skipping
Refreshing native plugins compatible for Editor in 0.34 ms, found 2 plugins.
Preloading 0 native plugins for Editor in 0.00 ms.
Unloading 1886 Unused Serialized files (Serialized files now loaded: 0)
System memory in use before: 88.4 MB.
System memory in use after: 88.5 MB.

Unloading 15 unused Assets to reduce memory usage. Loaded Objects now: 2434.
Total: 2.416500 ms (FindLiveObjects: 0.170100 ms CreateObjectMapping: 0.075800 ms MarkObjects: 2.115200 ms  DeleteObjects: 0.054800 ms)

AssetImportParameters requested are different than current active one (requested -> active):
  custom:framework-win-MediaFoundation: 216162199b28c13a410421893ffa2e32 -> 
  custom:video-decoder-ogg-theora: a1e56fd34408186e4bbccfd4996cb3dc -> 
  custom:container-muxer-webm: aa71ff27fc2769a1b78a27578f13a17b -> 
  custom:container-demuxer-webm: 4f35f7cbe854078d1ac9338744f61a02 -> 
  custom:container-demuxer-ogg: 62fdf1f143b41e24485cea50d1cbac27 -> 
  custom:video-encoder-webm-vp8: eb34c28f22e8b96e1ab97ce403110664 -> 
  custom:video-decoder-webm-vp8: 9c59270c3fd7afecdb556c50c9e8de78 -> 
  custom:audio-decoder-ogg-vorbis: bf7c407c2cedff20999df2af8eb42d56 -> 
  custom:audio-encoder-webm-vorbis: bf7c407c2cedff20999df2af8eb42d56 -> 
========================================================================
Received Prepare
Registering precompiled user dll's ...
Registered in 0.004869 seconds.
Begin MonoManager ReloadAssembly
Native extension for WindowsStandalone target not found
Refreshing native plugins compatible for Editor in 0.38 ms, found 2 plugins.
Preloading 0 native plugins for Editor in 0.00 ms.
Mono: successfully reloaded assembly
- Completed reload, in  0.790 seconds
Domain Reload Profiling:
	ReloadAssembly (791ms)
		BeginReloadAssembly (94ms)
			ExecutionOrderSort (0ms)
			DisableScriptedObjects (3ms)
			BackupInstance (0ms)
			ReleaseScriptingObjects (0ms)
			CreateAndSetChildDomain (23ms)
		EndReloadAssembly (648ms)
			LoadAssemblies (77ms)
			RebuildTransferFunctionScriptingTraits (0ms)
			SetupTypeCache (230ms)
			ReleaseScriptCaches (1ms)
			RebuildScriptCaches (30ms)
			SetupLoadedEditorAssemblies (234ms)
				LogAssemblyErrors (0ms)
				InitializePlatformSupportModulesInManaged (4ms)
				SetLoadedEditorAssemblies (0ms)
				RefreshPlugins (0ms)
				BeforeProcessingInitializeOnLoad (62ms)
				ProcessInitializeOnLoadAttributes (154ms)
				ProcessInitializeOnLoadMethodAttributes (7ms)
				AfterProcessingInitializeOnLoad (5ms)
				EditorAssembliesLoaded (0ms)
			ExecutionOrderSort2 (0ms)
			AwakeInstancesAfterBackupRestoration (5ms)
Platform modules already initialized, skipping
Refreshing native plugins compatible for Editor in 0.34 ms, found 2 plugins.
Preloading 0 native plugins for Editor in 0.00 ms.
Unloading 1886 Unused Serialized files (Serialized files now loaded: 0)
System memory in use before: 88.4 MB.
System memory in use after: 88.5 MB.

Unloading 15 unused Assets to reduce memory usage. Loaded Objects now: 2436.
Total: 3.009300 ms (FindLiveObjects: 0.130500 ms CreateObjectMapping: 0.056300 ms MarkObjects: 2.755200 ms  DeleteObjects: 0.066300 ms)

AssetImportParameters requested are different than current active one (requested -> active):
  custom:framework-win-MediaFoundation: 216162199b28c13a410421893ffa2e32 -> 
  custom:video-decoder-ogg-theora: a1e56fd34408186e4bbccfd4996cb3dc -> 
  custom:container-muxer-webm: aa71ff27fc2769a1b78a27578f13a17b -> 
  custom:container-demuxer-webm: 4f35f7cbe854078d1ac9338744f61a02 -> 
  custom:container-demuxer-ogg: 62fdf1f143b41e24485cea50d1cbac27 -> 
  custom:video-encoder-webm-vp8: eb34c28f22e8b96e1ab97ce403110664 -> 
  custom:video-decoder-webm-vp8: 9c59270c3fd7afecdb556c50c9e8de78 -> 
  custom:audio-decoder-ogg-vorbis: bf7c407c2cedff20999df2af8eb42d56 -> 
  custom:audio-encoder-webm-vorbis: bf7c407c2cedff20999df2af8eb42d56 -> 
========================================================================
Received Prepare
Registering precompiled user dll's ...
Registered in 0.003643 seconds.
Begin MonoManager ReloadAssembly
Native extension for WindowsStandalone target not found
Refreshing native plugins compatible for Editor in 0.33 ms, found 2 plugins.
Preloading 0 native plugins for Editor in 0.00 ms.
Mono: successfully reloaded assembly
- Completed reload, in  0.766 seconds
Domain Reload Profiling:
	ReloadAssembly (767ms)
		BeginReloadAssembly (92ms)
			ExecutionOrderSort (0ms)
			DisableScriptedObjects (3ms)
			BackupInstance (0ms)
			ReleaseScriptingObjects (0ms)
			CreateAndSetChildDomain (22ms)
		EndReloadAssembly (627ms)
			LoadAssemblies (69ms)
			RebuildTransferFunctionScriptingTraits (0ms)
			SetupTypeCache (220ms)
			ReleaseScriptCaches (1ms)
			RebuildScriptCaches (30ms)
			SetupLoadedEditorAssemblies (233ms)
				LogAssemblyErrors (0ms)
				InitializePlatformSupportModulesInManaged (3ms)
				SetLoadedEditorAssemblies (0ms)
				RefreshPlugins (0ms)
				BeforeProcessingInitializeOnLoad (62ms)
				ProcessInitializeOnLoadAttributes (154ms)
				ProcessInitializeOnLoadMethodAttributes (7ms)
				AfterProcessingInitializeOnLoad (5ms)
				EditorAssembliesLoaded (0ms)
			ExecutionOrderSort2 (0ms)
			AwakeInstancesAfterBackupRestoration (5ms)
Platform modules already initialized, skipping
Refreshing native plugins compatible for Editor in 0.42 ms, found 2 plugins.
Preloading 0 native plugins for Editor in 0.00 ms.
Unloading 1886 Unused Serialized files (Serialized files now loaded: 0)
System memory in use before: 88.4 MB.
System memory in use after: 88.5 MB.

Unloading 15 unused Assets to reduce memory usage. Loaded Objects now: 2438.
Total: 2.020400 ms (FindLiveObjects: 0.119700 ms CreateObjectMapping: 0.052600 ms MarkObjects: 1.797700 ms  DeleteObjects: 0.049900 ms)

AssetImportParameters requested are different than current active one (requested -> active):
  custom:framework-win-MediaFoundation: 216162199b28c13a410421893ffa2e32 -> 
  custom:video-decoder-ogg-theora: a1e56fd34408186e4bbccfd4996cb3dc -> 
  custom:container-muxer-webm: aa71ff27fc2769a1b78a27578f13a17b -> 
  custom:container-demuxer-webm: 4f35f7cbe854078d1ac9338744f61a02 -> 
  custom:container-demuxer-ogg: 62fdf1f143b41e24485cea50d1cbac27 -> 
  custom:video-encoder-webm-vp8: eb34c28f22e8b96e1ab97ce403110664 -> 
  custom:video-decoder-webm-vp8: 9c59270c3fd7afecdb556c50c9e8de78 -> 
  custom:audio-decoder-ogg-vorbis: bf7c407c2cedff20999df2af8eb42d56 -> 
  custom:audio-encoder-webm-vorbis: bf7c407c2cedff20999df2af8eb42d56 -> 
========================================================================
Received Prepare
Registering precompiled user dll's ...
Registered in 0.004565 seconds.
Begin MonoManager ReloadAssembly
Native extension for WindowsStandalone target not found
Refreshing native plugins compatible for Editor in 0.33 ms, found 2 plugins.
Preloading 0 native plugins for Editor in 0.00 ms.
Mono: successfully reloaded assembly
- Completed reload, in  0.774 seconds
Domain Reload Profiling:
	ReloadAssembly (774ms)
		BeginReloadAssembly (98ms)
			ExecutionOrderSort (0ms)
			DisableScriptedObjects (4ms)
			BackupInstance (0ms)
			ReleaseScriptingObjects (0ms)
			CreateAndSetChildDomain (27ms)
		EndReloadAssembly (626ms)
			LoadAssemblies (72ms)
			RebuildTransferFunctionScriptingTraits (0ms)
			SetupTypeCache (219ms)
			ReleaseScriptCaches (1ms)
			RebuildScriptCaches (30ms)
			SetupLoadedEditorAssemblies (234ms)
				LogAssemblyErrors (0ms)
				InitializePlatformSupportModulesInManaged (3ms)
				SetLoadedEditorAssemblies (0ms)
				RefreshPlugins (0ms)
				BeforeProcessingInitializeOnLoad (62ms)
				ProcessInitializeOnLoadAttributes (155ms)
				ProcessInitializeOnLoadMethodAttributes (7ms)
				AfterProcessingInitializeOnLoad (5ms)
				EditorAssembliesLoaded (0ms)
			ExecutionOrderSort2 (0ms)
			AwakeInstancesAfterBackupRestoration (5ms)
Platform modules already initialized, skipping
Refreshing native plugins compatible for Editor in 0.34 ms, found 2 plugins.
Preloading 0 native plugins for Editor in 0.00 ms.
Unloading 1886 Unused Serialized files (Serialized files now loaded: 0)
System memory in use before: 88.4 MB.
System memory in use after: 88.5 MB.

Unloading 15 unused Assets to reduce memory usage. Loaded Objects now: 2440.
Total: 2.058800 ms (FindLiveObjects: 0.122400 ms CreateObjectMapping: 0.056600 ms MarkObjects: 1.828700 ms  DeleteObjects: 0.050400 ms)

AssetImportParameters requested are different than current active one (requested -> active):
  custom:framework-win-MediaFoundation: 216162199b28c13a410421893ffa2e32 -> 
  custom:video-decoder-ogg-theora: a1e56fd34408186e4bbccfd4996cb3dc -> 
  custom:container-muxer-webm: aa71ff27fc2769a1b78a27578f13a17b -> 
  custom:container-demuxer-webm: 4f35f7cbe854078d1ac9338744f61a02 -> 
  custom:container-demuxer-ogg: 62fdf1f143b41e24485cea50d1cbac27 -> 
  custom:video-encoder-webm-vp8: eb34c28f22e8b96e1ab97ce403110664 -> 
  custom:video-decoder-webm-vp8: 9c59270c3fd7afecdb556c50c9e8de78 -> 
  custom:audio-decoder-ogg-vorbis: bf7c407c2cedff20999df2af8eb42d56 -> 
  custom:audio-encoder-webm-vorbis: bf7c407c2cedff20999df2af8eb42d56 -> 
========================================================================
Received Import Request.
  Time since last request: 1619.771836 seconds.
  path: Assets/Scenes
  artifactKey: Guid(7b0eb5ef8d0a3ae4e96a442aed965fdf) Importer(815301076,1909f56bfc062723c751e8b465ee728b)
Start importing Assets/Scenes using Guid(7b0eb5ef8d0a3ae4e96a442aed965fdf) Importer(815301076,1909f56bfc062723c751e8b465ee728b)  -> (artifact id: '94d641fa949ac9adfcd1fa0c3f80faf1') in 0.008916 seconds 
  Import took 0.011815 seconds .

========================================================================
Received Import Request.
  Time since last request: 4.708034 seconds.
  path: Assets/Scenes/Pausa.cs
  artifactKey: Guid(69239cf089bfd144487e4313d3ed1b16) Importer(815301076,1909f56bfc062723c751e8b465ee728b)
Start importing Assets/Scenes/Pausa.cs using Guid(69239cf089bfd144487e4313d3ed1b16) Importer(815301076,1909f56bfc062723c751e8b465ee728b)  -> (artifact id: '70708e7d2599e070ac50f65e65944cbc') in 0.009583 seconds 
  Import took 0.011977 seconds .

========================================================================
Received Import Request.
  Time since last request: 76.551825 seconds.
  path: Assets/Scenes/Pausa.cs
  artifactKey: Guid(69239cf089bfd144487e4313d3ed1b16) Importer(815301076,1909f56bfc062723c751e8b465ee728b)
Start importing Assets/Scenes/Pausa.cs using Guid(69239cf089bfd144487e4313d3ed1b16) Importer(815301076,1909f56bfc062723c751e8b465ee728b)  -> (artifact id: 'c8a9e00f793f64ffef540f2ceb1bf678') in 0.002152 seconds 
  Import took 0.004597 seconds .

========================================================================
Received Prepare
Registering precompiled user dll's ...
Registered in 0.073284 seconds.
Begin MonoManager ReloadAssembly
Native extension for WindowsStandalone target not found
Refreshing native plugins compatible for Editor in 0.33 ms, found 2 plugins.
Preloading 0 native plugins for Editor in 0.00 ms.
Mono: successfully reloaded assembly
- Completed reload, in  0.757 seconds
Domain Reload Profiling:
	ReloadAssembly (757ms)
		BeginReloadAssembly (91ms)
			ExecutionOrderSort (0ms)
			DisableScriptedObjects (4ms)
			BackupInstance (0ms)
			ReleaseScriptingObjects (0ms)
			CreateAndSetChildDomain (23ms)
		EndReloadAssembly (617ms)
			LoadAssemblies (68ms)
			RebuildTransferFunctionScriptingTraits (0ms)
			SetupTypeCache (216ms)
			ReleaseScriptCaches (1ms)
			RebuildScriptCaches (29ms)
			SetupLoadedEditorAssemblies (230ms)
				LogAssemblyErrors (0ms)
				InitializePlatformSupportModulesInManaged (3ms)
				SetLoadedEditorAssemblies (0ms)
				RefreshPlugins (0ms)
				BeforeProcessingInitializeOnLoad (61ms)
				ProcessInitializeOnLoadAttributes (153ms)
				ProcessInitializeOnLoadMethodAttributes (7ms)
				AfterProcessingInitializeOnLoad (5ms)
				EditorAssembliesLoaded (0ms)
			ExecutionOrderSort2 (0ms)
			AwakeInstancesAfterBackupRestoration (5ms)
Platform modules already initialized, skipping
Refreshing native plugins compatible for Editor in 0.38 ms, found 2 plugins.
Preloading 0 native plugins for Editor in 0.00 ms.
Unloading 1887 Unused Serialized files (Serialized files now loaded: 0)
System memory in use before: 88.5 MB.
System memory in use after: 88.5 MB.

Unloading 15 unused Assets to reduce memory usage. Loaded Objects now: 2443.
Total: 2.233400 ms (FindLiveObjects: 0.129300 ms CreateObjectMapping: 0.057200 ms MarkObjects: 1.984700 ms  DeleteObjects: 0.061500 ms)

AssetImportParameters requested are different than current active one (requested -> active):
  custom:framework-win-MediaFoundation: 216162199b28c13a410421893ffa2e32 -> 
  custom:video-decoder-ogg-theora: a1e56fd34408186e4bbccfd4996cb3dc -> 
  custom:container-muxer-webm: aa71ff27fc2769a1b78a27578f13a17b -> 
  custom:container-demuxer-webm: 4f35f7cbe854078d1ac9338744f61a02 -> 
  custom:container-demuxer-ogg: 62fdf1f143b41e24485cea50d1cbac27 -> 
  custom:video-encoder-webm-vp8: eb34c28f22e8b96e1ab97ce403110664 -> 
  custom:video-decoder-webm-vp8: 9c59270c3fd7afecdb556c50c9e8de78 -> 
  custom:audio-decoder-ogg-vorbis: bf7c407c2cedff20999df2af8eb42d56 -> 
  custom:audio-encoder-webm-vorbis: bf7c407c2cedff20999df2af8eb42d56 -> 
========================================================================
Received Prepare
Registering precompiled user dll's ...
Registered in 0.003642 seconds.
Begin MonoManager ReloadAssembly
Native extension for WindowsStandalone target not found
Refreshing native plugins compatible for Editor in 0.34 ms, found 2 plugins.
Preloading 0 native plugins for Editor in 0.00 ms.
Mono: successfully reloaded assembly
- Completed reload, in  0.782 seconds
Domain Reload Profiling:
	ReloadAssembly (782ms)
		BeginReloadAssembly (97ms)
			ExecutionOrderSort (0ms)
			DisableScriptedObjects (3ms)
			BackupInstance (0ms)
			ReleaseScriptingObjects (0ms)
			CreateAndSetChildDomain (21ms)
		EndReloadAssembly (634ms)
			LoadAssemblies (70ms)
			RebuildTransferFunctionScriptingTraits (0ms)
			SetupTypeCache (219ms)
			ReleaseScriptCaches (1ms)
			RebuildScriptCaches (30ms)
			SetupLoadedEditorAssemblies (238ms)
				LogAssemblyErrors (0ms)
				InitializePlatformSupportModulesInManaged (3ms)
				SetLoadedEditorAssemblies (0ms)
				RefreshPlugins (0ms)
				BeforeProcessingInitializeOnLoad (68ms)
				ProcessInitializeOnLoadAttributes (153ms)
				ProcessInitializeOnLoadMethodAttributes (7ms)
				AfterProcessingInitializeOnLoad (6ms)
				EditorAssembliesLoaded (0ms)
			ExecutionOrderSort2 (0ms)
			AwakeInstancesAfterBackupRestoration (5ms)
Platform modules already initialized, skipping
Refreshing native plugins compatible for Editor in 0.34 ms, found 2 plugins.
Preloading 0 native plugins for Editor in 0.00 ms.
Unloading 1887 Unused Serialized files (Serialized files now loaded: 0)
System memory in use before: 88.5 MB.
System memory in use after: 88.5 MB.

Unloading 15 unused Assets to reduce memory usage. Loaded Objects now: 2445.
Total: 2.058700 ms (FindLiveObjects: 0.117100 ms CreateObjectMapping: 0.053100 ms MarkObjects: 1.839000 ms  DeleteObjects: 0.048800 ms)

AssetImportParameters requested are different than current active one (requested -> active):
  custom:framework-win-MediaFoundation: 216162199b28c13a410421893ffa2e32 -> 
  custom:video-decoder-ogg-theora: a1e56fd34408186e4bbccfd4996cb3dc -> 
  custom:container-muxer-webm: aa71ff27fc2769a1b78a27578f13a17b -> 
  custom:container-demuxer-webm: 4f35f7cbe854078d1ac9338744f61a02 -> 
  custom:container-demuxer-ogg: 62fdf1f143b41e24485cea50d1cbac27 -> 
  custom:video-encoder-webm-vp8: eb34c28f22e8b96e1ab97ce403110664 -> 
  custom:video-decoder-webm-vp8: 9c59270c3fd7afecdb556c50c9e8de78 -> 
  custom:audio-decoder-ogg-vorbis: bf7c407c2cedff20999df2af8eb42d56 -> 
  custom:audio-encoder-webm-vorbis: bf7c407c2cedff20999df2af8eb42d56 -> 
========================================================================
Received Import Request.
  Time since last request: 748.564514 seconds.
  path: Assets/Scripts
  artifactKey: Guid(e60bbf29a72fcd741a718c766d3fab81) Importer(815301076,1909f56bfc062723c751e8b465ee728b)
Start importing Assets/Scripts using Guid(e60bbf29a72fcd741a718c766d3fab81) Importer(815301076,1909f56bfc062723c751e8b465ee728b)  -> (artifact id: 'ef8d87e508d63d818d9e20115fbc03f1') in 0.009598 seconds 
  Import took 0.012640 seconds .

========================================================================
Received Import Request.
  Time since last request: 5.811040 seconds.
  path: Assets/Scripts/Ajustes.cs
  artifactKey: Guid(e4e895853d51f034f9fc203eb2ef06c7) Importer(815301076,1909f56bfc062723c751e8b465ee728b)
Start importing Assets/Scripts/Ajustes.cs using Guid(e4e895853d51f034f9fc203eb2ef06c7) Importer(815301076,1909f56bfc062723c751e8b465ee728b)  -> (artifact id: 'db28f081ed91c4852bf634e10b18eefd') in 0.005446 seconds 
  Import took 0.008014 seconds .

========================================================================
Received Prepare
Registering precompiled user dll's ...
Registered in 0.003402 seconds.
Begin MonoManager ReloadAssembly
Native extension for WindowsStandalone target not found
Refreshing native plugins compatible for Editor in 0.33 ms, found 2 plugins.
Preloading 0 native plugins for Editor in 0.00 ms.
Mono: successfully reloaded assembly
- Completed reload, in  0.779 seconds
Domain Reload Profiling:
	ReloadAssembly (779ms)
		BeginReloadAssembly (94ms)
			ExecutionOrderSort (0ms)
			DisableScriptedObjects (4ms)
			BackupInstance (0ms)
			ReleaseScriptingObjects (0ms)
			CreateAndSetChildDomain (23ms)
		EndReloadAssembly (636ms)
			LoadAssemblies (68ms)
			RebuildTransferFunctionScriptingTraits (0ms)
			SetupTypeCache (228ms)
			ReleaseScriptCaches (1ms)
			RebuildScriptCaches (34ms)
			SetupLoadedEditorAssemblies (231ms)
				LogAssemblyErrors (0ms)
				InitializePlatformSupportModulesInManaged (3ms)
				SetLoadedEditorAssemblies (0ms)
				RefreshPlugins (0ms)
				BeforeProcessingInitializeOnLoad (61ms)
				ProcessInitializeOnLoadAttributes (154ms)
				ProcessInitializeOnLoadMethodAttributes (7ms)
				AfterProcessingInitializeOnLoad (5ms)
				EditorAssembliesLoaded (0ms)
			ExecutionOrderSort2 (0ms)
			AwakeInstancesAfterBackupRestoration (5ms)
Platform modules already initialized, skipping
Refreshing native plugins compatible for Editor in 0.34 ms, found 2 plugins.
Preloading 0 native plugins for Editor in 0.00 ms.
Unloading 1888 Unused Serialized files (Serialized files now loaded: 0)
System memory in use before: 88.5 MB.
System memory in use after: 88.5 MB.

Unloading 15 unused Assets to reduce memory usage. Loaded Objects now: 2448.
Total: 2.177800 ms (FindLiveObjects: 0.148700 ms CreateObjectMapping: 0.069400 ms MarkObjects: 1.903100 ms  DeleteObjects: 0.056000 ms)

AssetImportParameters requested are different than current active one (requested -> active):
  custom:framework-win-MediaFoundation: 216162199b28c13a410421893ffa2e32 -> 
  custom:video-decoder-ogg-theora: a1e56fd34408186e4bbccfd4996cb3dc -> 
  custom:container-muxer-webm: aa71ff27fc2769a1b78a27578f13a17b -> 
  custom:container-demuxer-webm: 4f35f7cbe854078d1ac9338744f61a02 -> 
  custom:container-demuxer-ogg: 62fdf1f143b41e24485cea50d1cbac27 -> 
  custom:video-encoder-webm-vp8: eb34c28f22e8b96e1ab97ce403110664 -> 
  custom:video-decoder-webm-vp8: 9c59270c3fd7afecdb556c50c9e8de78 -> 
  custom:audio-decoder-ogg-vorbis: bf7c407c2cedff20999df2af8eb42d56 -> 
  custom:audio-encoder-webm-vorbis: bf7c407c2cedff20999df2af8eb42d56 -> 
========================================================================
Received Import Request.
  Time since last request: 128.322911 seconds.
  path: Assets/Scripts/Ajustes.cs
  artifactKey: Guid(e4e895853d51f034f9fc203eb2ef06c7) Importer(815301076,1909f56bfc062723c751e8b465ee728b)
Start importing Assets/Scripts/Ajustes.cs using Guid(e4e895853d51f034f9fc203eb2ef06c7) Importer(815301076,1909f56bfc062723c751e8b465ee728b)  -> (artifact id: '2e1913f25b669320e6918dbfdafff042') in 0.004145 seconds 
  Import took 0.007017 seconds .

========================================================================
Received Prepare
Registering precompiled user dll's ...
Registered in 0.003415 seconds.
Begin MonoManager ReloadAssembly
Native extension for WindowsStandalone target not found
Refreshing native plugins compatible for Editor in 0.34 ms, found 2 plugins.
Preloading 0 native plugins for Editor in 0.00 ms.
Mono: successfully reloaded assembly
- Completed reload, in  0.771 seconds
Domain Reload Profiling:
	ReloadAssembly (772ms)
		BeginReloadAssembly (89ms)
			ExecutionOrderSort (0ms)
			DisableScriptedObjects (4ms)
			BackupInstance (0ms)
			ReleaseScriptingObjects (0ms)
			CreateAndSetChildDomain (23ms)
		EndReloadAssembly (629ms)
			LoadAssemblies (75ms)
			RebuildTransferFunctionScriptingTraits (0ms)
			SetupTypeCache (219ms)
			ReleaseScriptCaches (1ms)
			RebuildScriptCaches (30ms)
			SetupLoadedEditorAssemblies (230ms)
				LogAssemblyErrors (0ms)
				InitializePlatformSupportModulesInManaged (3ms)
				SetLoadedEditorAssemblies (0ms)
				RefreshPlugins (0ms)
				BeforeProcessingInitializeOnLoad (62ms)
				ProcessInitializeOnLoadAttributes (151ms)
				ProcessInitializeOnLoadMethodAttributes (8ms)
				AfterProcessingInitializeOnLoad (5ms)
				EditorAssembliesLoaded (0ms)
			ExecutionOrderSort2 (0ms)
			AwakeInstancesAfterBackupRestoration (5ms)
Platform modules already initialized, skipping
Refreshing native plugins compatible for Editor in 0.34 ms, found 2 plugins.
Preloading 0 native plugins for Editor in 0.00 ms.
Unloading 1888 Unused Serialized files (Serialized files now loaded: 0)
System memory in use before: 88.5 MB.
System memory in use after: 88.5 MB.

Unloading 15 unused Assets to reduce memory usage. Loaded Objects now: 2450.
Total: 2.042900 ms (FindLiveObjects: 0.124200 ms CreateObjectMapping: 0.056200 ms MarkObjects: 1.813200 ms  DeleteObjects: 0.048600 ms)

AssetImportParameters requested are different than current active one (requested -> active):
  custom:framework-win-MediaFoundation: 216162199b28c13a410421893ffa2e32 -> 
  custom:video-decoder-ogg-theora: a1e56fd34408186e4bbccfd4996cb3dc -> 
  custom:container-muxer-webm: aa71ff27fc2769a1b78a27578f13a17b -> 
  custom:container-demuxer-webm: 4f35f7cbe854078d1ac9338744f61a02 -> 
  custom:container-demuxer-ogg: 62fdf1f143b41e24485cea50d1cbac27 -> 
  custom:video-encoder-webm-vp8: eb34c28f22e8b96e1ab97ce403110664 -> 
  custom:video-decoder-webm-vp8: 9c59270c3fd7afecdb556c50c9e8de78 -> 
  custom:audio-decoder-ogg-vorbis: bf7c407c2cedff20999df2af8eb42d56 -> 
  custom:audio-encoder-webm-vorbis: bf7c407c2cedff20999df2af8eb42d56 -> 
========================================================================
Received Prepare
Registering precompiled user dll's ...
Registered in 0.003482 seconds.
Begin MonoManager ReloadAssembly
Native extension for WindowsStandalone target not found
Refreshing native plugins compatible for Editor in 0.36 ms, found 2 plugins.
Preloading 0 native plugins for Editor in 0.00 ms.
Mono: successfully reloaded assembly
- Completed reload, in  0.753 seconds
Domain Reload Profiling:
	ReloadAssembly (753ms)
		BeginReloadAssembly (85ms)
			ExecutionOrderSort (0ms)
			DisableScriptedObjects (4ms)
			BackupInstance (0ms)
			ReleaseScriptingObjects (0ms)
			CreateAndSetChildDomain (22ms)
		EndReloadAssembly (621ms)
			LoadAssemblies (66ms)
			RebuildTransferFunctionScriptingTraits (0ms)
			SetupTypeCache (218ms)
			ReleaseScriptCaches (1ms)
			RebuildScriptCaches (30ms)
			SetupLoadedEditorAssemblies (232ms)
				LogAssemblyErrors (0ms)
				InitializePlatformSupportModulesInManaged (3ms)
				SetLoadedEditorAssemblies (0ms)
				RefreshPlugins (0ms)
				BeforeProcessingInitializeOnLoad (61ms)
				ProcessInitializeOnLoadAttributes (155ms)
				ProcessInitializeOnLoadMethodAttributes (7ms)
				AfterProcessingInitializeOnLoad (5ms)
				EditorAssembliesLoaded (0ms)
			ExecutionOrderSort2 (0ms)
			AwakeInstancesAfterBackupRestoration (5ms)
Platform modules already initialized, skipping
Refreshing native plugins compatible for Editor in 0.35 ms, found 2 plugins.
Preloading 0 native plugins for Editor in 0.00 ms.
Unloading 1888 Unused Serialized files (Serialized files now loaded: 0)
System memory in use before: 88.5 MB.
System memory in use after: 88.6 MB.

Unloading 15 unused Assets to reduce memory usage. Loaded Objects now: 2452.
Total: 2.143900 ms (FindLiveObjects: 0.126800 ms CreateObjectMapping: 0.056400 ms MarkObjects: 1.905400 ms  DeleteObjects: 0.054700 ms)

AssetImportParameters requested are different than current active one (requested -> active):
  custom:framework-win-MediaFoundation: 216162199b28c13a410421893ffa2e32 -> 
  custom:video-decoder-ogg-theora: a1e56fd34408186e4bbccfd4996cb3dc -> 
  custom:container-muxer-webm: aa71ff27fc2769a1b78a27578f13a17b -> 
  custom:container-demuxer-webm: 4f35f7cbe854078d1ac9338744f61a02 -> 
  custom:container-demuxer-ogg: 62fdf1f143b41e24485cea50d1cbac27 -> 
  custom:video-encoder-webm-vp8: eb34c28f22e8b96e1ab97ce403110664 -> 
  custom:video-decoder-webm-vp8: 9c59270c3fd7afecdb556c50c9e8de78 -> 
  custom:audio-decoder-ogg-vorbis: bf7c407c2cedff20999df2af8eb42d56 -> 
  custom:audio-encoder-webm-vorbis: bf7c407c2cedff20999df2af8eb42d56 -> 
========================================================================
Received Prepare
Registering precompiled user dll's ...
Registered in 0.003420 seconds.
Begin MonoManager ReloadAssembly
Native extension for WindowsStandalone target not found
Refreshing native plugins compatible for Editor in 0.36 ms, found 2 plugins.
Preloading 0 native plugins for Editor in 0.00 ms.
Mono: successfully reloaded assembly
- Completed reload, in  0.765 seconds
Domain Reload Profiling:
	ReloadAssembly (765ms)
		BeginReloadAssembly (97ms)
			ExecutionOrderSort (0ms)
			DisableScriptedObjects (3ms)
			BackupInstance (0ms)
			ReleaseScriptingObjects (0ms)
			CreateAndSetChildDomain (21ms)
		EndReloadAssembly (621ms)
			LoadAssemblies (66ms)
			RebuildTransferFunctionScriptingTraits (0ms)
			SetupTypeCache (219ms)
			ReleaseScriptCaches (1ms)
			RebuildScriptCaches (30ms)
			SetupLoadedEditorAssemblies (232ms)
				LogAssemblyErrors (0ms)
				InitializePlatformSupportModulesInManaged (3ms)
				SetLoadedEditorAssemblies (0ms)
				RefreshPlugins (0ms)
				BeforeProcessingInitializeOnLoad (63ms)
				ProcessInitializeOnLoadAttributes (153ms)
				ProcessInitializeOnLoadMethodAttributes (7ms)
				AfterProcessingInitializeOnLoad (5ms)
				EditorAssembliesLoaded (0ms)
			ExecutionOrderSort2 (0ms)
			AwakeInstancesAfterBackupRestoration (5ms)
Platform modules already initialized, skipping
Refreshing native plugins compatible for Editor in 0.34 ms, found 2 plugins.
Preloading 0 native plugins for Editor in 0.00 ms.
Unloading 1888 Unused Serialized files (Serialized files now loaded: 0)
System memory in use before: 88.5 MB.
System memory in use after: 88.6 MB.

Unloading 15 unused Assets to reduce memory usage. Loaded Objects now: 2454.
Total: 2.083000 ms (FindLiveObjects: 0.120800 ms CreateObjectMapping: 0.055500 ms MarkObjects: 1.857700 ms  DeleteObjects: 0.048400 ms)

AssetImportParameters requested are different than current active one (requested -> active):
  custom:framework-win-MediaFoundation: 216162199b28c13a410421893ffa2e32 -> 
  custom:video-decoder-ogg-theora: a1e56fd34408186e4bbccfd4996cb3dc -> 
  custom:container-muxer-webm: aa71ff27fc2769a1b78a27578f13a17b -> 
  custom:container-demuxer-webm: 4f35f7cbe854078d1ac9338744f61a02 -> 
  custom:container-demuxer-ogg: 62fdf1f143b41e24485cea50d1cbac27 -> 
  custom:video-encoder-webm-vp8: eb34c28f22e8b96e1ab97ce403110664 -> 
  custom:video-decoder-webm-vp8: 9c59270c3fd7afecdb556c50c9e8de78 -> 
  custom:audio-decoder-ogg-vorbis: bf7c407c2cedff20999df2af8eb42d56 -> 
  custom:audio-encoder-webm-vorbis: bf7c407c2cedff20999df2af8eb42d56 -> 
========================================================================
Received Prepare
Registering precompiled user dll's ...
Registered in 0.003582 seconds.
Begin MonoManager ReloadAssembly
Native extension for WindowsStandalone target not found
Refreshing native plugins compatible for Editor in 0.34 ms, found 2 plugins.
Preloading 0 native plugins for Editor in 0.00 ms.
Mono: successfully reloaded assembly
- Completed reload, in  0.766 seconds
Domain Reload Profiling:
	ReloadAssembly (767ms)
		BeginReloadAssembly (97ms)
			ExecutionOrderSort (0ms)
			DisableScriptedObjects (3ms)
			BackupInstance (0ms)
			ReleaseScriptingObjects (0ms)
			CreateAndSetChildDomain (23ms)
		EndReloadAssembly (621ms)
			LoadAssemblies (68ms)
			RebuildTransferFunctionScriptingTraits (0ms)
			SetupTypeCache (216ms)
			ReleaseScriptCaches (1ms)
			RebuildScriptCaches (30ms)
			SetupLoadedEditorAssemblies (233ms)
				LogAssemblyErrors (0ms)
				InitializePlatformSupportModulesInManaged (3ms)
				SetLoadedEditorAssemblies (0ms)
				RefreshPlugins (0ms)
				BeforeProcessingInitializeOnLoad (62ms)
				ProcessInitializeOnLoadAttributes (155ms)
				ProcessInitializeOnLoadMethodAttributes (7ms)
				AfterProcessingInitializeOnLoad (6ms)
				EditorAssembliesLoaded (0ms)
			ExecutionOrderSort2 (0ms)
			AwakeInstancesAfterBackupRestoration (5ms)
Platform modules already initialized, skipping
Refreshing native plugins compatible for Editor in 0.35 ms, found 2 plugins.
Preloading 0 native plugins for Editor in 0.00 ms.
Unloading 1888 Unused Serialized files (Serialized files now loaded: 0)
System memory in use before: 88.5 MB.
System memory in use after: 88.6 MB.

Unloading 15 unused Assets to reduce memory usage. Loaded Objects now: 2456.
Total: 2.330800 ms (FindLiveObjects: 0.173600 ms CreateObjectMapping: 0.089500 ms MarkObjects: 2.012600 ms  DeleteObjects: 0.054200 ms)

AssetImportParameters requested are different than current active one (requested -> active):
  custom:framework-win-MediaFoundation: 216162199b28c13a410421893ffa2e32 -> 
  custom:video-decoder-ogg-theora: a1e56fd34408186e4bbccfd4996cb3dc -> 
  custom:container-muxer-webm: aa71ff27fc2769a1b78a27578f13a17b -> 
  custom:container-demuxer-webm: 4f35f7cbe854078d1ac9338744f61a02 -> 
  custom:container-demuxer-ogg: 62fdf1f143b41e24485cea50d1cbac27 -> 
  custom:video-encoder-webm-vp8: eb34c28f22e8b96e1ab97ce403110664 -> 
  custom:video-decoder-webm-vp8: 9c59270c3fd7afecdb556c50c9e8de78 -> 
  custom:audio-decoder-ogg-vorbis: bf7c407c2cedff20999df2af8eb42d56 -> 
  custom:audio-encoder-webm-vorbis: bf7c407c2cedff20999df2af8eb42d56 -> 
========================================================================
Received Prepare
Registering precompiled user dll's ...
Registered in 0.003462 seconds.
Begin MonoManager ReloadAssembly
Native extension for WindowsStandalone target not found
Refreshing native plugins compatible for Editor in 0.36 ms, found 2 plugins.
Preloading 0 native plugins for Editor in 0.00 ms.
Mono: successfully reloaded assembly
- Completed reload, in  0.753 seconds
Domain Reload Profiling:
	ReloadAssembly (754ms)
		BeginReloadAssembly (94ms)
			ExecutionOrderSort (0ms)
			DisableScriptedObjects (3ms)
			BackupInstance (0ms)
			ReleaseScriptingObjects (0ms)
			CreateAndSetChildDomain (23ms)
		EndReloadAssembly (612ms)
			LoadAssemblies (65ms)
			RebuildTransferFunctionScriptingTraits (0ms)
			SetupTypeCache (216ms)
			ReleaseScriptCaches (1ms)
			RebuildScriptCaches (30ms)
			SetupLoadedEditorAssemblies (228ms)
				LogAssemblyErrors (0ms)
				InitializePlatformSupportModulesInManaged (4ms)
				SetLoadedEditorAssemblies (0ms)
				RefreshPlugins (0ms)
				BeforeProcessingInitializeOnLoad (61ms)
				ProcessInitializeOnLoadAttributes (150ms)
				ProcessInitializeOnLoadMethodAttributes (7ms)
				AfterProcessingInitializeOnLoad (5ms)
				EditorAssembliesLoaded (0ms)
			ExecutionOrderSort2 (0ms)
			AwakeInstancesAfterBackupRestoration (5ms)
Platform modules already initialized, skipping
Refreshing native plugins compatible for Editor in 0.35 ms, found 2 plugins.
Preloading 0 native plugins for Editor in 0.00 ms.
Unloading 1888 Unused Serialized files (Serialized files now loaded: 0)
System memory in use before: 88.5 MB.
System memory in use after: 88.6 MB.

Unloading 15 unused Assets to reduce memory usage. Loaded Objects now: 2458.
Total: 2.325300 ms (FindLiveObjects: 0.143500 ms CreateObjectMapping: 0.058000 ms MarkObjects: 1.975800 ms  DeleteObjects: 0.147200 ms)

AssetImportParameters requested are different than current active one (requested -> active):
  custom:framework-win-MediaFoundation: 216162199b28c13a410421893ffa2e32 -> 
  custom:video-decoder-ogg-theora: a1e56fd34408186e4bbccfd4996cb3dc -> 
  custom:container-muxer-webm: aa71ff27fc2769a1b78a27578f13a17b -> 
  custom:container-demuxer-webm: 4f35f7cbe854078d1ac9338744f61a02 -> 
  custom:container-demuxer-ogg: 62fdf1f143b41e24485cea50d1cbac27 -> 
  custom:video-encoder-webm-vp8: eb34c28f22e8b96e1ab97ce403110664 -> 
  custom:video-decoder-webm-vp8: 9c59270c3fd7afecdb556c50c9e8de78 -> 
  custom:audio-decoder-ogg-vorbis: bf7c407c2cedff20999df2af8eb42d56 -> 
  custom:audio-encoder-webm-vorbis: bf7c407c2cedff20999df2af8eb42d56 -> 
========================================================================
Received Prepare
Registering precompiled user dll's ...
Registered in 0.003386 seconds.
Begin MonoManager ReloadAssembly
Native extension for WindowsStandalone target not found
Refreshing native plugins compatible for Editor in 0.37 ms, found 2 plugins.
Preloading 0 native plugins for Editor in 0.00 ms.
Mono: successfully reloaded assembly
- Completed reload, in  0.754 seconds
Domain Reload Profiling:
	ReloadAssembly (754ms)
		BeginReloadAssembly (93ms)
			ExecutionOrderSort (0ms)
			DisableScriptedObjects (4ms)
			BackupInstance (0ms)
			ReleaseScriptingObjects (0ms)
			CreateAndSetChildDomain (22ms)
		EndReloadAssembly (613ms)
			LoadAssemblies (66ms)
			RebuildTransferFunctionScriptingTraits (0ms)
			SetupTypeCache (214ms)
			ReleaseScriptCaches (1ms)
			RebuildScriptCaches (30ms)
			SetupLoadedEditorAssemblies (230ms)
				LogAssemblyErrors (0ms)
				InitializePlatformSupportModulesInManaged (3ms)
				SetLoadedEditorAssemblies (0ms)
				RefreshPlugins (0ms)
				BeforeProcessingInitializeOnLoad (62ms)
				ProcessInitializeOnLoadAttributes (152ms)
				ProcessInitializeOnLoadMethodAttributes (7ms)
				AfterProcessingInitializeOnLoad (5ms)
				EditorAssembliesLoaded (0ms)
			ExecutionOrderSort2 (0ms)
			AwakeInstancesAfterBackupRestoration (5ms)
Platform modules already initialized, skipping
Refreshing native plugins compatible for Editor in 0.34 ms, found 2 plugins.
Preloading 0 native plugins for Editor in 0.00 ms.
Unloading 1888 Unused Serialized files (Serialized files now loaded: 0)
System memory in use before: 88.5 MB.
System memory in use after: 88.6 MB.

Unloading 15 unused Assets to reduce memory usage. Loaded Objects now: 2460.
Total: 2.195600 ms (FindLiveObjects: 0.123400 ms CreateObjectMapping: 0.056500 ms MarkObjects: 1.963500 ms  DeleteObjects: 0.051600 ms)

AssetImportParameters requested are different than current active one (requested -> active):
  custom:framework-win-MediaFoundation: 216162199b28c13a410421893ffa2e32 -> 
  custom:video-decoder-ogg-theora: a1e56fd34408186e4bbccfd4996cb3dc -> 
  custom:container-muxer-webm: aa71ff27fc2769a1b78a27578f13a17b -> 
  custom:container-demuxer-webm: 4f35f7cbe854078d1ac9338744f61a02 -> 
  custom:container-demuxer-ogg: 62fdf1f143b41e24485cea50d1cbac27 -> 
  custom:video-encoder-webm-vp8: eb34c28f22e8b96e1ab97ce403110664 -> 
  custom:video-decoder-webm-vp8: 9c59270c3fd7afecdb556c50c9e8de78 -> 
  custom:audio-decoder-ogg-vorbis: bf7c407c2cedff20999df2af8eb42d56 -> 
  custom:audio-encoder-webm-vorbis: bf7c407c2cedff20999df2af8eb42d56 -> 
========================================================================
Received Prepare
Registering precompiled user dll's ...
Registered in 0.003438 seconds.
Begin MonoManager ReloadAssembly
Native extension for WindowsStandalone target not found
Refreshing native plugins compatible for Editor in 0.34 ms, found 2 plugins.
Preloading 0 native plugins for Editor in 0.00 ms.
Mono: successfully reloaded assembly
- Completed reload, in  0.757 seconds
Domain Reload Profiling:
	ReloadAssembly (757ms)
		BeginReloadAssembly (96ms)
			ExecutionOrderSort (0ms)
			DisableScriptedObjects (3ms)
			BackupInstance (0ms)
			ReleaseScriptingObjects (0ms)
			CreateAndSetChildDomain (22ms)
		EndReloadAssembly (613ms)
			LoadAssemblies (66ms)
			RebuildTransferFunctionScriptingTraits (0ms)
			SetupTypeCache (214ms)
			ReleaseScriptCaches (1ms)
			RebuildScriptCaches (30ms)
			SetupLoadedEditorAssemblies (229ms)
				LogAssemblyErrors (0ms)
				InitializePlatformSupportModulesInManaged (3ms)
				SetLoadedEditorAssemblies (0ms)
				RefreshPlugins (0ms)
				BeforeProcessingInitializeOnLoad (62ms)
				ProcessInitializeOnLoadAttributes (151ms)
				ProcessInitializeOnLoadMethodAttributes (7ms)
				AfterProcessingInitializeOnLoad (6ms)
				EditorAssembliesLoaded (0ms)
			ExecutionOrderSort2 (0ms)
			AwakeInstancesAfterBackupRestoration (5ms)
Platform modules already initialized, skipping
Refreshing native plugins compatible for Editor in 0.35 ms, found 2 plugins.
Preloading 0 native plugins for Editor in 0.00 ms.
Unloading 1888 Unused Serialized files (Serialized files now loaded: 0)
System memory in use before: 88.6 MB.
System memory in use after: 88.6 MB.

Unloading 15 unused Assets to reduce memory usage. Loaded Objects now: 2462.
Total: 2.155600 ms (FindLiveObjects: 0.132000 ms CreateObjectMapping: 0.068900 ms MarkObjects: 1.863700 ms  DeleteObjects: 0.089900 ms)

AssetImportParameters requested are different than current active one (requested -> active):
  custom:framework-win-MediaFoundation: 216162199b28c13a410421893ffa2e32 -> 
  custom:video-decoder-ogg-theora: a1e56fd34408186e4bbccfd4996cb3dc -> 
  custom:container-muxer-webm: aa71ff27fc2769a1b78a27578f13a17b -> 
  custom:container-demuxer-webm: 4f35f7cbe854078d1ac9338744f61a02 -> 
  custom:container-demuxer-ogg: 62fdf1f143b41e24485cea50d1cbac27 -> 
  custom:video-encoder-webm-vp8: eb34c28f22e8b96e1ab97ce403110664 -> 
  custom:video-decoder-webm-vp8: 9c59270c3fd7afecdb556c50c9e8de78 -> 
  custom:audio-decoder-ogg-vorbis: bf7c407c2cedff20999df2af8eb42d56 -> 
  custom:audio-encoder-webm-vorbis: bf7c407c2cedff20999df2af8eb42d56 -> 
AssetImportWorkerClient::OnTransportError - code=2 error=End of file
