Using pre-set license
Built from '2020.3/staging' branch; Version is '2020.3.25f1 (9b9180224418) revision 10195328'; Using compiler version '192528614'; Build Type 'Release'
OS: 'Windows 10  (10.0.19045) 64bit Professional' Language: 'es' Physical Memory: 16237 MB
BatchMode: 1, IsHumanControllingUs: 0, StartBugReporterOnCrash: 0, Is64bit: 1, IsPro: 0

COMMAND LINE ARGUMENTS:
C:\Program Files\Unity 2020.3.25f1\Editor\Unity.exe
-adb2
-batchMode
-noUpm
-name
AssetImportWorker0
-projectPath
C:/Users/usuario/OneDrive/Documentos/GitHub/Lola
-logFile
Logs/AssetImportWorker0.log
-srvPort
53900
Successfully changed project path to: C:/Users/usuario/OneDrive/Documentos/GitHub/Lola
C:/Users/usuario/OneDrive/Documentos/GitHub/Lola
Using Asset Import Pipeline V2.
Refreshing native plugins compatible for Editor in 31.97 ms, found 2 plugins.
Preloading 0 native plugins for Editor in 0.00 ms.
Initialize engine version: 2020.3.25f1 (9b9180224418)
[Subsystems] Discovering subsystems at path C:/Program Files/Unity 2020.3.25f1/Editor/Data/Resources/UnitySubsystems
[Subsystems] Discovering subsystems at path C:/Users/usuario/OneDrive/Documentos/GitHub/Lola/Assets
GfxDevice: creating device client; threaded=0
Direct3D:
    Version:  Direct3D 11.0 [level 11.1]
    Renderer: NVIDIA GeForce GTX 1660 Ti (ID=0x2182)
    Vendor:   
    VRAM:     5991 MB
    Driver:   31.0.15.1694
Initialize mono
Mono path[0] = 'C:/Program Files/Unity 2020.3.25f1/Editor/Data/Managed'
Mono path[1] = 'C:/Program Files/Unity 2020.3.25f1/Editor/Data/MonoBleedingEdge/lib/mono/unityjit'
Mono config path = 'C:/Program Files/Unity 2020.3.25f1/Editor/Data/MonoBleedingEdge/etc'
Using monoOptions --debugger-agent=transport=dt_socket,embedding=1,server=y,suspend=n,address=127.0.0.1:56548
Begin MonoManager ReloadAssembly
Registering precompiled unity dll's ...
Register platform support module: C:/Program Files/Unity 2020.3.25f1/Editor/Data/PlaybackEngines/WindowsStandaloneSupport/UnityEditor.WindowsStandalone.Extensions.dll
Registered in 0.001597 seconds.
Native extension for WindowsStandalone target not found
Refreshing native plugins compatible for Editor in 30.43 ms, found 2 plugins.
Preloading 0 native plugins for Editor in 0.00 ms.
Mono: successfully reloaded assembly
- Completed reload, in  0.447 seconds
Domain Reload Profiling:
	ReloadAssembly (448ms)
		BeginReloadAssembly (42ms)
			ExecutionOrderSort (0ms)
			DisableScriptedObjects (0ms)
			BackupInstance (0ms)
			ReleaseScriptingObjects (0ms)
			CreateAndSetChildDomain (1ms)
		EndReloadAssembly (347ms)
			LoadAssemblies (40ms)
			RebuildTransferFunctionScriptingTraits (0ms)
			SetupTypeCache (114ms)
			ReleaseScriptCaches (0ms)
			RebuildScriptCaches (24ms)
			SetupLoadedEditorAssemblies (131ms)
				LogAssemblyErrors (0ms)
				InitializePlatformSupportModulesInManaged (3ms)
				SetLoadedEditorAssemblies (0ms)
				RefreshPlugins (30ms)
				BeforeProcessingInitializeOnLoad (13ms)
				ProcessInitializeOnLoadAttributes (63ms)
				ProcessInitializeOnLoadMethodAttributes (21ms)
				AfterProcessingInitializeOnLoad (0ms)
				EditorAssembliesLoaded (0ms)
			ExecutionOrderSort2 (0ms)
			AwakeInstancesAfterBackupRestoration (0ms)
Platform modules already initialized, skipping
Registering precompiled user dll's ...
Registered in 0.003662 seconds.
Begin MonoManager ReloadAssembly
Native extension for WindowsStandalone target not found
Refreshing native plugins compatible for Editor in 0.33 ms, found 2 plugins.
Preloading 0 native plugins for Editor in 0.00 ms.
Mono: successfully reloaded assembly
- Completed reload, in  0.799 seconds
Domain Reload Profiling:
	ReloadAssembly (800ms)
		BeginReloadAssembly (111ms)
			ExecutionOrderSort (0ms)
			DisableScriptedObjects (4ms)
			BackupInstance (0ms)
			ReleaseScriptingObjects (0ms)
			CreateAndSetChildDomain (14ms)
		EndReloadAssembly (640ms)
			LoadAssemblies (69ms)
			RebuildTransferFunctionScriptingTraits (0ms)
			SetupTypeCache (220ms)
			ReleaseScriptCaches (0ms)
			RebuildScriptCaches (34ms)
			SetupLoadedEditorAssemblies (246ms)
				LogAssemblyErrors (0ms)
				InitializePlatformSupportModulesInManaged (3ms)
				SetLoadedEditorAssemblies (0ms)
				RefreshPlugins (0ms)
				BeforeProcessingInitializeOnLoad (67ms)
				ProcessInitializeOnLoadAttributes (162ms)
				ProcessInitializeOnLoadMethodAttributes (7ms)
				AfterProcessingInitializeOnLoad (5ms)
				EditorAssembliesLoaded (0ms)
			ExecutionOrderSort2 (0ms)
			AwakeInstancesAfterBackupRestoration (5ms)
Platform modules already initialized, skipping
========================================================================
Worker process is ready to serve import requests
Launched and connected shader compiler UnityShaderCompiler.exe after 0.03 seconds
Refreshing native plugins compatible for Editor in 0.34 ms, found 2 plugins.
Preloading 0 native plugins for Editor in 0.00 ms.
Unloading 1937 Unused Serialized files (Serialized files now loaded: 0)
System memory in use before: 88.1 MB.
System memory in use after: 88.2 MB.

Unloading 20 unused Assets to reduce memory usage. Loaded Objects now: 2370.
Total: 2.116800 ms (FindLiveObjects: 0.130400 ms CreateObjectMapping: 0.060300 ms MarkObjects: 1.850000 ms  DeleteObjects: 0.075500 ms)

AssetImportParameters requested are different than current active one (requested -> active):
  custom:framework-win-MediaFoundation: 216162199b28c13a410421893ffa2e32 -> 
  custom:video-decoder-ogg-theora: a1e56fd34408186e4bbccfd4996cb3dc -> 
  custom:container-muxer-webm: aa71ff27fc2769a1b78a27578f13a17b -> 
  custom:container-demuxer-webm: 4f35f7cbe854078d1ac9338744f61a02 -> 
  custom:container-demuxer-ogg: 62fdf1f143b41e24485cea50d1cbac27 -> 
  custom:video-encoder-webm-vp8: eb34c28f22e8b96e1ab97ce403110664 -> 
  custom:video-decoder-webm-vp8: 9c59270c3fd7afecdb556c50c9e8de78 -> 
  custom:audio-decoder-ogg-vorbis: bf7c407c2cedff20999df2af8eb42d56 -> 
  custom:audio-encoder-webm-vorbis: bf7c407c2cedff20999df2af8eb42d56 -> 
========================================================================
Received Import Request.
  path: Assets/Prefabs/zombieBullet.prefab
  artifactKey: Guid(0183400d31e98e341b9750da4570bf49) Importer(815301076,1909f56bfc062723c751e8b465ee728b)
Start importing Assets/Prefabs/zombieBullet.prefab using Guid(0183400d31e98e341b9750da4570bf49) Importer(815301076,1909f56bfc062723c751e8b465ee728b)  -> (artifact id: 'fb1f97e76a6d1429e5603eb399f2a94a') in 0.283138 seconds 
  Import took 0.285493 seconds .

========================================================================
Received Import Request.
  Time since last request: 0.000299 seconds.
  path: Assets/Prefabs/cardboard_closed.prefab
  artifactKey: Guid(8681776bc6bf9dc439f4191ee38c8315) Importer(815301076,1909f56bfc062723c751e8b465ee728b)
Start importing Assets/Prefabs/cardboard_closed.prefab using Guid(8681776bc6bf9dc439f4191ee38c8315) Importer(815301076,1909f56bfc062723c751e8b465ee728b)  -> (artifact id: '912a9df12d3f24ec116ad498c4951e0f') in 0.195238 seconds 
  Import took 0.197429 seconds .

========================================================================
Received Import Request.
  Time since last request: 0.000245 seconds.
  path: Assets/Prefabs/Player.prefab
  artifactKey: Guid(54ed7c66bd09dac41a5efb3905837367) Importer(815301076,1909f56bfc062723c751e8b465ee728b)
Start importing Assets/Prefabs/Player.prefab using Guid(54ed7c66bd09dac41a5efb3905837367) Importer(815301076,1909f56bfc062723c751e8b465ee728b)  -> (artifact id: 'b4b3b9e1bfc796b93c3e74cda72af8f3') in 0.544694 seconds 
  Import took 0.548408 seconds .

========================================================================
Received Import Request.
  Time since last request: 0.000219 seconds.
  path: Assets/Audio/AM_Master.mixer
  artifactKey: Guid(43d7297c0b403cb408c853183c64c602) Importer(815301076,1909f56bfc062723c751e8b465ee728b)
Start importing Assets/Audio/AM_Master.mixer using Guid(43d7297c0b403cb408c853183c64c602) Importer(815301076,1909f56bfc062723c751e8b465ee728b)  -> (artifact id: 'acaa96d3856b1246fea2115dd139b834') in 0.006631 seconds 
  Import took 0.008889 seconds .

========================================================================
Received Import Request.
  Time since last request: 0.000219 seconds.
  path: Assets/Prefabs/Blood particles.prefab
  artifactKey: Guid(b5cc315ff7bcdec4098ae081a489b9df) Importer(815301076,1909f56bfc062723c751e8b465ee728b)
Start importing Assets/Prefabs/Blood particles.prefab using Guid(b5cc315ff7bcdec4098ae081a489b9df) Importer(815301076,1909f56bfc062723c751e8b465ee728b)  -> (artifact id: '3b32cc546c283ba01805cf58c7b19043') in 0.029435 seconds 
  Import took 0.031797 seconds .

========================================================================
Received Import Request.
  Time since last request: 0.000268 seconds.
  path: Assets/Prefabs/Acid.prefab
  artifactKey: Guid(20156e2fa2a62ba44be534b4b3a688c0) Importer(815301076,1909f56bfc062723c751e8b465ee728b)
Start importing Assets/Prefabs/Acid.prefab using Guid(20156e2fa2a62ba44be534b4b3a688c0) Importer(815301076,1909f56bfc062723c751e8b465ee728b)  -> (artifact id: 'bf9c0e3cd06bac6c3a7016414ce8037b') in 0.030371 seconds 
  Import took 0.032679 seconds .

========================================================================
Received Import Request.
  Time since last request: 0.000241 seconds.
  path: Assets/Prefabs/Hurt particles.prefab
  artifactKey: Guid(737bbf525509da240a0f306d58c07159) Importer(815301076,1909f56bfc062723c751e8b465ee728b)
Start importing Assets/Prefabs/Hurt particles.prefab using Guid(737bbf525509da240a0f306d58c07159) Importer(815301076,1909f56bfc062723c751e8b465ee728b)  -> (artifact id: '4b0e1bc969edeee06e083722dc598fab') in 0.010663 seconds 
  Import took 0.012986 seconds .

========================================================================
Received Import Request.
  Time since last request: 0.000217 seconds.
  path: Assets/Prefabs/Health particles.prefab
  artifactKey: Guid(c13a78aeee8c2864e981731d95824c5b) Importer(815301076,1909f56bfc062723c751e8b465ee728b)
Start importing Assets/Prefabs/Health particles.prefab using Guid(c13a78aeee8c2864e981731d95824c5b) Importer(815301076,1909f56bfc062723c751e8b465ee728b)  -> (artifact id: 'ca32ccd897ade9a85f2d597c61b35a67') in 0.010223 seconds 
  Import took 0.012633 seconds .

========================================================================
Received Import Request.
  Time since last request: 0.000192 seconds.
  path: Assets/Prefabs/Spikes.prefab
  artifactKey: Guid(3ed49c49ec5213c4e8295b7e2ef28598) Importer(815301076,1909f56bfc062723c751e8b465ee728b)
Start importing Assets/Prefabs/Spikes.prefab using Guid(3ed49c49ec5213c4e8295b7e2ef28598) Importer(815301076,1909f56bfc062723c751e8b465ee728b)  -> (artifact id: 'e0941f02068673372b8458402afe6f1f') in 0.012289 seconds 
  Import took 0.014676 seconds .

========================================================================
Received Import Request.
  Time since last request: 0.000265 seconds.
  path: Assets/Prefabs/bullet.prefab
  artifactKey: Guid(00eb4e4de672d854688bc1fa242c4237) Importer(815301076,1909f56bfc062723c751e8b465ee728b)
Start importing Assets/Prefabs/bullet.prefab using Guid(00eb4e4de672d854688bc1fa242c4237) Importer(815301076,1909f56bfc062723c751e8b465ee728b)  -> (artifact id: '1faaa9b40ba784e01e66bd4897110dc1') in 0.011959 seconds 
  Import took 0.014388 seconds .

========================================================================
Received Import Request.
  Time since last request: 0.000180 seconds.
  path: Assets/Prefabs/BulletTrail.prefab
  artifactKey: Guid(b2f00dc5a9e8f32438ef525be402672d) Importer(815301076,1909f56bfc062723c751e8b465ee728b)
Start importing Assets/Prefabs/BulletTrail.prefab using Guid(b2f00dc5a9e8f32438ef525be402672d) Importer(815301076,1909f56bfc062723c751e8b465ee728b)  -> (artifact id: '98ca4e2487daf5f15415f70b1d99ea8f') in 0.009717 seconds 
  Import took 0.011963 seconds .

========================================================================
Received Import Request.
  Time since last request: 0.000193 seconds.
  path: Assets/Prefabs/ZombieRangoAcido.prefab
  artifactKey: Guid(8f38116606e145f479f105b96bbe0847) Importer(815301076,1909f56bfc062723c751e8b465ee728b)
Start importing Assets/Prefabs/ZombieRangoAcido.prefab using Guid(8f38116606e145f479f105b96bbe0847) Importer(815301076,1909f56bfc062723c751e8b465ee728b)  -> (artifact id: '68c322cc2e55a69e622f188999821d76') in 0.057946 seconds 
  Import took 0.061457 seconds .

========================================================================
Received Import Request.
  Time since last request: 0.000207 seconds.
  path: Assets/Prefabs/360_F_389666523_Lnv6XuIkcJ3e6qBTi2qY6a5vDKZYPo1a.jpg
  artifactKey: Guid(6b1156b73c2ce224ebc00127387d338d) Importer(815301076,1909f56bfc062723c751e8b465ee728b)
Start importing Assets/Prefabs/360_F_389666523_Lnv6XuIkcJ3e6qBTi2qY6a5vDKZYPo1a.jpg using Guid(6b1156b73c2ce224ebc00127387d338d) Importer(815301076,1909f56bfc062723c751e8b465ee728b)  -> (artifact id: '7dcfd00be39d04e15e39aa502cd430e3') in 0.066551 seconds 
  Import took 0.068812 seconds .

========================================================================
Received Import Request.
  Time since last request: 0.000285 seconds.
  path: Assets/Prefabs/AcidZombiwBullet.prefab
  artifactKey: Guid(604b6764991bbc04baa296706bb249db) Importer(815301076,1909f56bfc062723c751e8b465ee728b)
Start importing Assets/Prefabs/AcidZombiwBullet.prefab using Guid(604b6764991bbc04baa296706bb249db) Importer(815301076,1909f56bfc062723c751e8b465ee728b)  -> (artifact id: '6c37b32f5fbb61357c043648af6758c9') in 0.016237 seconds 
  Import took 0.018614 seconds .

========================================================================
Received Import Request.
  Time since last request: 0.000204 seconds.
  path: Assets/Prefabs/MilitaryBox.prefab
  artifactKey: Guid(43ad23ab461fd6744818256b4810a724) Importer(815301076,1909f56bfc062723c751e8b465ee728b)
Start importing Assets/Prefabs/MilitaryBox.prefab using Guid(43ad23ab461fd6744818256b4810a724) Importer(815301076,1909f56bfc062723c751e8b465ee728b)  -> (artifact id: '6d3886a4b10d90d878108c5a4048909b') in 0.031577 seconds 
  Import took 0.033939 seconds .

========================================================================
Received Import Request.
  Time since last request: 0.000239 seconds.
  path: Assets/Prefabs/MedKit.prefab
  artifactKey: Guid(32ab32d520578e3429f35372a2a72703) Importer(815301076,1909f56bfc062723c751e8b465ee728b)
Start importing Assets/Prefabs/MedKit.prefab using Guid(32ab32d520578e3429f35372a2a72703) Importer(815301076,1909f56bfc062723c751e8b465ee728b)  -> (artifact id: '5dbcebb0b5018d0063f22ca0743d4769') in 0.012875 seconds 
  Import took 0.015252 seconds .

========================================================================
Received Import Request.
  Time since last request: 0.000261 seconds.
  path: Assets/Prefabs/ZombieCommon.prefab
  artifactKey: Guid(7141dc1bf3821214d9146aa0a8b45a8a) Importer(815301076,1909f56bfc062723c751e8b465ee728b)
Start importing Assets/Prefabs/ZombieCommon.prefab using Guid(7141dc1bf3821214d9146aa0a8b45a8a) Importer(815301076,1909f56bfc062723c751e8b465ee728b)  -> (artifact id: 'fc65aab603faa3b060f0d7d5415cd255') in 0.050662 seconds 
  Import took 0.053659 seconds .

========================================================================
Received Import Request.
  Time since last request: 0.000203 seconds.
  path: Assets/Prefabs/ZombieRango.prefab
  artifactKey: Guid(8ab95f1a2ff3f5d4c82a60dd97ce44b9) Importer(815301076,1909f56bfc062723c751e8b465ee728b)
Start importing Assets/Prefabs/ZombieRango.prefab using Guid(8ab95f1a2ff3f5d4c82a60dd97ce44b9) Importer(815301076,1909f56bfc062723c751e8b465ee728b)  -> (artifact id: 'a73778433b788832fbcbf3397153dda8') in 0.052892 seconds 
  Import took 0.055915 seconds .

========================================================================
Received Import Request.
  Time since last request: 1.038223 seconds.
  path: Assets/Scenes/Menu.unity
  artifactKey: Guid(82248aff3b08aaa4ab7e482d5aeceeba) Importer(815301076,1909f56bfc062723c751e8b465ee728b)
Start importing Assets/Scenes/Menu.unity using Guid(82248aff3b08aaa4ab7e482d5aeceeba) Importer(815301076,1909f56bfc062723c751e8b465ee728b)  -> (artifact id: '514ac0b713cce16b2ecc8208cea558e6') in 0.005241 seconds 
  Import took 0.007686 seconds .

========================================================================
Received Import Request.
  Time since last request: 1.538615 seconds.
  path: Assets/Scenes/Lose.unity
  artifactKey: Guid(6d05ee9a947afe246963af91d726602f) Importer(815301076,1909f56bfc062723c751e8b465ee728b)
Start importing Assets/Scenes/Lose.unity using Guid(6d05ee9a947afe246963af91d726602f) Importer(815301076,1909f56bfc062723c751e8b465ee728b)  -> (artifact id: '14b2866f1710401926e2e93b357a0111') in 0.004945 seconds 
  Import took 0.007360 seconds .

========================================================================
Received Import Request.
  Time since last request: 46.722850 seconds.
  path: Assets/Scenes/Victory.unity
  artifactKey: Guid(bd07ef0c13fd1b04bb550fca153cd587) Importer(815301076,1909f56bfc062723c751e8b465ee728b)
Start importing Assets/Scenes/Victory.unity using Guid(bd07ef0c13fd1b04bb550fca153cd587) Importer(815301076,1909f56bfc062723c751e8b465ee728b)  -> (artifact id: 'db99b3428bf2b6fa289cf676566894b1') in 0.004936 seconds 
  Import took 0.007440 seconds .

========================================================================
Received Import Request.
  Time since last request: 33.029067 seconds.
  path: Assets/Audio/Music
  artifactKey: Guid(254e6d22b0cbf8345b3fdfcc32c5df0b) Importer(815301076,1909f56bfc062723c751e8b465ee728b)
Start importing Assets/Audio/Music using Guid(254e6d22b0cbf8345b3fdfcc32c5df0b) Importer(815301076,1909f56bfc062723c751e8b465ee728b)  -> (artifact id: 'b1fb7b09b33ca24f9c0ffd701eeec7bf') in 0.004788 seconds 
  Import took 0.007335 seconds .

========================================================================
Received Import Request.
  Time since last request: 0.059582 seconds.
  path: Assets/Audio/Music/musikita.wav
  artifactKey: Guid(ab401f092696ca54581128feaba1f610) Importer(815301076,1909f56bfc062723c751e8b465ee728b)
Start importing Assets/Audio/Music/musikita.wav using Guid(ab401f092696ca54581128feaba1f610) Importer(815301076,1909f56bfc062723c751e8b465ee728b)  -> (artifact id: 'f2498e1b314e446195974140a1228817') in 0.023365 seconds 
  Import took 0.026375 seconds .

AssetImportWorkerClient::OnTransportError - code=2 error=End of file
